#
# There is insufficient memory for the Java Runtime Environment to continue.
# Native memory allocation (malloc) failed to allocate 1447696 bytes for Chunk::new
# Possible reasons:
#   The system is out of physical RAM or swap space
#   The process is running with CompressedOops enabled, and the Java Heap may be blocking the growth of the native heap
# Possible solutions:
#   Reduce memory load on the system
#   Increase physical memory or swap space
#   Check if swap backing store is full
#   Decrease Java heap size (-Xmx/-Xms)
#   Decrease number of Java threads
#   Decrease Java thread stack sizes (-Xss)
#   Set larger code cache with -XX:ReservedCodeCacheSize=
#   JVM is running with Unscaled Compressed Oops mode in which the Java heap is
#     placed in the first 4GB address space. The Java Heap base address is the
#     maximum limit for the native heap growth. Please use -XX:HeapBaseMinAddress
#     to set the Java Heap base and to place the Java Heap above 4GB virtual address.
# This output file may be truncated or incomplete.
#
#  Out of Memory Error (arena.cpp:189), pid=15280, tid=16352
#
# JRE version: OpenJDK Runtime Environment Temurin-17.0.1+12 (17.0.1+12) (build 17.0.1+12)
# Java VM: OpenJDK 64-Bit Server VM Temurin-17.0.1+12 (17.0.1+12, mixed mode, tiered, compressed oops, compressed class ptrs, parallel gc, windows-amd64)
# No core dump will be written. Minidumps are not enabled by default on client versions of Windows
#

---------------  S U M M A R Y ------------

Command Line: --add-modules=ALL-SYSTEM --add-opens=java.base/java.util=ALL-UNNAMED --add-opens=java.base/java.lang=ALL-UNNAMED -Declipse.application=org.eclipse.jdt.ls.core.id1 -Dosgi.bundles.defaultStartLevel=4 -Declipse.product=org.eclipse.jdt.ls.core.product -Djava.import.generatesMetadataFilesAtProjectRoot=false -Dfile.encoding=utf8 -DwatchParentProcess=false -XX:+UseParallelGC -XX:GCTimeRatio=4 -XX:AdaptiveSizePolicyWeight=90 -Dsun.zip.disableMemoryMapping=true -Xmx1G -Xms100m -XX:+HeapDumpOnOutOfMemoryError -XX:HeapDumpPath=c:\Users\Alejandro\AppData\Roaming\Code\User\workspaceStorage\bfba96caa2a40bd1869fa79584ead701\redhat.java c:\Users\Alejandro\.vscode\extensions\redhat.java-1.2.0\server\plugins\org.eclipse.equinox.launcher_1.6.400.v20210924-0641.jar -configuration c:\Users\Alejandro\AppData\Roaming\Code\User\globalStorage\redhat.java\1.2.0\config_win -data c:\Users\Alejandro\AppData\Roaming\Code\User\workspaceStorage\bfba96caa2a40bd1869fa79584ead701\redhat.java\jdt_ws

Host: Intel(R) Core(TM) i7-7500U CPU @ 2.70GHz, 4 cores, 7G,  Windows 10 , 64 bit Build 19041 (10.0.19041.1348)
Time: Mon Jan 10 19:35:26 2022 Hora est. Pacífico, Sudamérica elapsed time: 7.147717 seconds (0d 0h 0m 7s)

---------------  T H R E A D  ---------------

Current thread (0x000001cdd5e452e0):  JavaThread "C2 CompilerThread0" daemon [_thread_in_native, id=16352, stack(0x0000002d5b800000,0x0000002d5b900000)]


Current CompileTask:
C2:   7147 3084   !   4       org.eclipse.osgi.internal.loader.classpath.ClasspathManager::findLocalClass (210 bytes)

Stack: [0x0000002d5b800000,0x0000002d5b900000]
Native frames: (J=compiled Java code, j=interpreted, Vv=VM code, C=native code)
V  [jvm.dll+0x6744da]
V  [jvm.dll+0x82e144]
V  [jvm.dll+0x82f8ee]
V  [jvm.dll+0x82ff53]
V  [jvm.dll+0x245175]
V  [jvm.dll+0xab85b]
V  [jvm.dll+0xabdec]
V  [jvm.dll+0x362eb2]
V  [jvm.dll+0x32d4c1]
V  [jvm.dll+0x32c96a]
V  [jvm.dll+0x218031]
V  [jvm.dll+0x217451]
V  [jvm.dll+0x1a355d]
V  [jvm.dll+0x226e38]
V  [jvm.dll+0x224f7c]
V  [jvm.dll+0x7e3f5b]
V  [jvm.dll+0x7de51a]
V  [jvm.dll+0x673305]
C  [ucrtbase.dll+0x21bb2]
C  [KERNEL32.DLL+0x17034]
C  [ntdll.dll+0x52651]


---------------  P R O C E S S  ---------------

Threads class SMR info:
_java_thread_list=0x000001cdd9c8e680, length=24, elements={
0x000001cdc00a03c0, 0x000001cdd5e01750, 0x000001cdd5e02610, 0x000001cdd5e38130,
0x000001cdd5e38eb0, 0x000001cdd5e3a240, 0x000001cdd5e3e620, 0x000001cdd5e452e0,
0x000001cdd5e460a0, 0x000001cdd5e71470, 0x000001cdd7891750, 0x000001cdd7a24d40,
0x000001cdd7fc5450, 0x000001cdd7fd4ef0, 0x000001cdd80d15b0, 0x000001cdd80c92c0,
0x000001cdd94afbe0, 0x000001cdd96ae040, 0x000001cdd97d7450, 0x000001cdd97d5c40,
0x000001cdd97d4900, 0x000001cdd97d4430, 0x000001cdd97d4dd0, 0x000001cdd9ecd940
}

Java Threads: ( => current thread )
  0x000001cdc00a03c0 JavaThread "main" [_thread_blocked, id=16240, stack(0x0000002d5af00000,0x0000002d5b000000)]
  0x000001cdd5e01750 JavaThread "Reference Handler" daemon [_thread_blocked, id=13164, stack(0x0000002d5b200000,0x0000002d5b300000)]
  0x000001cdd5e02610 JavaThread "Finalizer" daemon [_thread_blocked, id=8208, stack(0x0000002d5b300000,0x0000002d5b400000)]
  0x000001cdd5e38130 JavaThread "Signal Dispatcher" daemon [_thread_blocked, id=6436, stack(0x0000002d5b400000,0x0000002d5b500000)]
  0x000001cdd5e38eb0 JavaThread "Attach Listener" daemon [_thread_blocked, id=13516, stack(0x0000002d5b500000,0x0000002d5b600000)]
  0x000001cdd5e3a240 JavaThread "Service Thread" daemon [_thread_blocked, id=2260, stack(0x0000002d5b600000,0x0000002d5b700000)]
  0x000001cdd5e3e620 JavaThread "Monitor Deflation Thread" daemon [_thread_blocked, id=15964, stack(0x0000002d5b700000,0x0000002d5b800000)]
=>0x000001cdd5e452e0 JavaThread "C2 CompilerThread0" daemon [_thread_in_native, id=16352, stack(0x0000002d5b800000,0x0000002d5b900000)]
  0x000001cdd5e460a0 JavaThread "C1 CompilerThread0" daemon [_thread_in_vm, id=14872, stack(0x0000002d5b900000,0x0000002d5ba00000)]
  0x000001cdd5e71470 JavaThread "Sweeper thread" daemon [_thread_blocked, id=9028, stack(0x0000002d5ba00000,0x0000002d5bb00000)]
  0x000001cdd7891750 JavaThread "Common-Cleaner" daemon [_thread_blocked, id=11208, stack(0x0000002d5bb00000,0x0000002d5bc00000)]
  0x000001cdd7a24d40 JavaThread "Notification Thread" daemon [_thread_blocked, id=14596, stack(0x0000002d5bc00000,0x0000002d5bd00000)]
  0x000001cdd7fc5450 JavaThread "Active Thread: Equinox Container: b9bd8101-91e9-449d-8994-8990dc26adc5" [_thread_blocked, id=276, stack(0x0000002d5bf00000,0x0000002d5c000000)]
  0x000001cdd7fd4ef0 JavaThread "Framework Event Dispatcher: Equinox Container: b9bd8101-91e9-449d-8994-8990dc26adc5" daemon [_thread_blocked, id=15212, stack(0x0000002d5c000000,0x0000002d5c100000)]
  0x000001cdd80d15b0 JavaThread "Start Level: Equinox Container: b9bd8101-91e9-449d-8994-8990dc26adc5" daemon [_thread_blocked, id=12208, stack(0x0000002d5c400000,0x0000002d5c500000)]
  0x000001cdd80c92c0 JavaThread "SCR Component Actor" daemon [_thread_blocked, id=15296, stack(0x0000002d5c500000,0x0000002d5c600000)]
  0x000001cdd94afbe0 JavaThread "Bundle File Closer" daemon [_thread_blocked, id=13892, stack(0x0000002d5c700000,0x0000002d5c800000)]
  0x000001cdd96ae040 JavaThread "Worker-JM" [_thread_blocked, id=14364, stack(0x0000002d5c800000,0x0000002d5c900000)]
  0x000001cdd97d7450 JavaThread "Worker-0: Repository registry initialization" [_thread_in_vm, id=9720, stack(0x0000002d5c900000,0x0000002d5ca00000)]
  0x000001cdd97d5c40 JavaThread "Worker-1" [_thread_blocked, id=3896, stack(0x0000002d5ca00000,0x0000002d5cb00000)]
  0x000001cdd97d4900 JavaThread "Java indexing" daemon [_thread_blocked, id=15500, stack(0x0000002d5be00000,0x0000002d5bf00000)]
  0x000001cdd97d4430 JavaThread "pool-2-thread-1" [_thread_blocked, id=4788, stack(0x0000002d5c600000,0x0000002d5c700000)]
  0x000001cdd97d4dd0 JavaThread "Worker-2: Initialize Workspace" [_thread_in_vm, id=15352, stack(0x0000002d5cb00000,0x0000002d5cc00000)]
  0x000001cdd9ecd940 JavaThread "C2 CompilerThread1" daemon [_thread_in_native, id=10184, stack(0x0000002d5cc00000,0x0000002d5cd00000)]

Other Threads:
  0x000001cdd5de9490 VMThread "VM Thread" [stack: 0x0000002d5b100000,0x0000002d5b200000] [id=10124]
  0x000001cdd7a25210 WatcherThread [stack: 0x0000002d5bd00000,0x0000002d5be00000] [id=3020]
  0x000001cdc00b9560 GCTaskThread "GC Thread#0" [stack: 0x0000002d5b000000,0x0000002d5b100000] [id=15952]
  0x000001cdd7d0ff90 GCTaskThread "GC Thread#1" [stack: 0x0000002d5c100000,0x0000002d5c200000] [id=15648]
  0x000001cdd7fd53c0 GCTaskThread "GC Thread#2" [stack: 0x0000002d5c200000,0x0000002d5c300000] [id=5112]
  0x000001cdd7fd5670 GCTaskThread "GC Thread#3" [stack: 0x0000002d5c300000,0x0000002d5c400000] [id=11592]

Threads with active compile tasks:
C2 CompilerThread0     7218 3084   !   4       org.eclipse.osgi.internal.loader.classpath.ClasspathManager::findLocalClass (210 bytes)
C1 CompilerThread0     7218 3295   !   3       jdk.internal.jimage.BasicImageReader::getResourceBuffer (203 bytes)
C2 CompilerThread1     7218 3233       4       jdk.internal.jimage.ImageStringsReader::charsFromByteBufferLength (81 bytes)

VM state: not at safepoint (normal execution)

VM Mutex/Monitor currently owned by a thread:  ([mutex/lock_event])
[0x000001cdc009c450] Metaspace_lock - owner thread: 0x000001cdd97d7450
[0x000001cdc008c9c0] MethodData_lock - owner thread: 0x000001cdd5e460a0

Heap address: 0x00000000c0000000, size: 1024 MB, Compressed Oops mode: 32-bit

CDS archive(s) not mapped
Compressed class space mapped at: 0x0000000100000000-0x0000000140000000, reserved size: 1073741824
Narrow klass base: 0x0000000000000000, Narrow klass shift: 3, Narrow klass range: 0x140000000

GC Precious Log:
 CPUs: 4 total, 4 available
 Memory: 8107M
 Large Page Support: Disabled
 NUMA Support: Disabled
 Compressed Oops: Enabled (32-bit)
 Alignments: Space 512K, Generation 512K, Heap 2M
 Heap Min Capacity: 100M
 Heap Initial Capacity: 100M
 Heap Max Capacity: 1G
 Pre-touch: Disabled
 Parallel Workers: 4

Heap:
 PSYoungGen      total 30208K, used 8514K [0x00000000eab00000, 0x00000000ecd80000, 0x0000000100000000)
  eden space 25088K, 33% used [0x00000000eab00000,0x00000000eb350af8,0x00000000ec380000)
  from space 5120K, 0% used [0x00000000ec880000,0x00000000ec880000,0x00000000ecd80000)
  to   space 5120K, 0% used [0x00000000ec380000,0x00000000ec380000,0x00000000ec880000)
 ParOldGen       total 68608K, used 13239K [0x00000000c0000000, 0x00000000c4300000, 0x00000000eab00000)
  object space 68608K, 19% used [0x00000000c0000000,0x00000000c0cedc48,0x00000000c4300000)
 Metaspace       used 36947K, committed 37632K, reserved 1089536K
  class space    used 3906K, committed 4224K, reserved 1048576K

Card table byte_map: [0x000001cdd3710000,0x000001cdd3920000] _byte_map_base: 0x000001cdd3110000

Marking Bits: (ParMarkBitMap*) 0x00007ffa85c62a60
 Begin Bits: [0x000001cdd3a80000, 0x000001cdd4a80000)
 End Bits:   [0x000001cdd4a80000, 0x000001cdd5a80000)

Polling page: 0x000001cdc0180000

Metaspace:

Usage:
  Non-class:     32.27 MB used.
      Class:      3.81 MB used.
       Both:     36.08 MB used.

Virtual space:
  Non-class space:       40.00 MB reserved,      32.62 MB ( 82%) committed,  5 nodes.
      Class space:        1.00 GB reserved,       4.12 MB ( <1%) committed,  1 nodes.
             Both:        1.04 GB reserved,      36.75 MB (  3%) committed. 

Chunk freelists:
   Non-Class:  2.42 MB
       Class:  3.92 MB
        Both:  6.34 MB

MaxMetaspaceSize: unlimited
CompressedClassSpaceSize: 1.00 GB
Initial GC threshold: 21.00 MB
Current GC threshold: 58.38 MB
CDS: off
MetaspaceReclaimPolicy: balanced
 - commit_granule_bytes: 65536.
 - commit_granule_words: 8192.
 - virtual_space_node_default_size: 1048576.
 - enlarge_chunks_in_place: 1.
 - new_chunks_are_fully_committed: 0.
 - uncommit_free_chunks: 1.
 - use_allocation_guard: 0.
 - handle_deallocations: 1.


Internal statistics:

num_allocs_failed_limit: 8.
num_arena_births: 316.
num_arena_deaths: 0.
num_vsnodes_births: 6.
num_vsnodes_deaths: 0.
num_space_committed: 588.
num_space_uncommitted: 0.
num_chunks_returned_to_freelist: 8.
num_chunks_taken_from_freelist: 1499.
num_chunk_merges: 8.
num_chunk_splits: 986.
num_chunks_enlarged: 639.
num_purges: 0.
num_inconsistent_stats: 0.

CodeHeap 'non-profiled nmethods': size=120000Kb used=1255Kb max_used=1255Kb free=118744Kb
 bounds [0x000001cdcc000000, 0x000001cdcc270000, 0x000001cdd3530000]
CodeHeap 'profiled nmethods': size=120000Kb used=6895Kb max_used=6895Kb free=113104Kb
 bounds [0x000001cdc4ad0000, 0x000001cdc5190000, 0x000001cdcc000000]
CodeHeap 'non-nmethods': size=5760Kb used=1243Kb max_used=1277Kb free=4516Kb
 bounds [0x000001cdc4530000, 0x000001cdc47a0000, 0x000001cdc4ad0000]
 total_blobs=3852 nmethods=3289 adapters=476
 compilation: enabled
              stopped_count=0, restarted_count=0
 full_count=0

Compilation events (20 events):
Event: 7.140 Thread 0x000001cdd5e460a0 nmethod 3255 0x000001cdc516a990 code [0x000001cdc516aba0, 0x000001cdc516b2b8]
Event: 7.140 Thread 0x000001cdd5e460a0 3250       3       java.nio.MappedByteBuffer::position (6 bytes)
Event: 7.140 Thread 0x000001cdd5e460a0 nmethod 3250 0x000001cdc516b510 code [0x000001cdc516b6c0, 0x000001cdc516b8c8]
Event: 7.140 Thread 0x000001cdd5e460a0 3253       3       jdk.internal.jimage.ImageReader$SharedImageReader::newDirectory (25 bytes)
Event: 7.141 Thread 0x000001cdd5e460a0 nmethod 3253 0x000001cdc516ba10 code [0x000001cdc516bbe0, 0x000001cdc516be48]
Event: 7.141 Thread 0x000001cdd5e460a0 3254       3       jdk.internal.jimage.ImageReader$Directory::create (21 bytes)
Event: 7.141 Thread 0x000001cdd5e460a0 nmethod 3254 0x000001cdc516bf90 code [0x000001cdc516c1c0, 0x000001cdc516cba8]
Event: 7.141 Thread 0x000001cdd5e460a0 3258       3       jdk.internal.jimage.ImageReader$Directory::<init> (18 bytes)
Event: 7.142 Thread 0x000001cdd5e460a0 nmethod 3258 0x000001cdc516cf90 code [0x000001cdc516d1a0, 0x000001cdc516d978]
Event: 7.142 Thread 0x000001cdd5e460a0 3259       3       jdk.internal.jimage.BasicImageReader::getLocation (6 bytes)
Event: 7.142 Thread 0x000001cdd5e460a0 nmethod 3259 0x000001cdc516dc10 code [0x000001cdc516dda0, 0x000001cdc516dec8]
Event: 7.142 Thread 0x000001cdd5e460a0 3260       3       jdk.internal.jimage.ImageLocation::readFrom (26 bytes)
Event: 7.142 Thread 0x000001cdd5e460a0 nmethod 3260 0x000001cdc516df90 code [0x000001cdc516e1c0, 0x000001cdc516eb28]
Event: 7.142 Thread 0x000001cdd5e460a0 3261       3       jdk.internal.jimage.ImageReader$LinkNode::<init> (15 bytes)
Event: 7.143 Thread 0x000001cdd5e460a0 nmethod 3261 0x000001cdc516ef10 code [0x000001cdc516f100, 0x000001cdc516f6f8]
Event: 7.143 Thread 0x000001cdd5e460a0 3262       3       java.util.AbstractMap$SimpleEntry::<init> (15 bytes)
Event: 7.143 Thread 0x000001cdd5e460a0 nmethod 3262 0x000001cdc516f910 code [0x000001cdc516faa0, 0x000001cdc516fc38]
Event: 7.143 Thread 0x000001cdd5e460a0 3257  s    3       jdk.internal.jimage.ImageReader$SharedImageReader::buildNode (98 bytes)
Event: 7.143 Thread 0x000001cdd5e460a0 nmethod 3257 0x000001cdc516fd10 code [0x000001cdc516ff40, 0x000001cdc5170668]
Event: 7.143 Thread 0x000001cdd5e460a0 3268   !   3       org.eclipse.osgi.internal.loader.BundleLoader::findClass0 (461 bytes)

GC Heap History (16 events):
Event: 0.828 GC heap before
{Heap before GC invocations=1 (full 0):
 PSYoungGen      total 29696K, used 25600K [0x00000000eab00000, 0x00000000ecc00000, 0x0000000100000000)
  eden space 25600K, 100% used [0x00000000eab00000,0x00000000ec400000,0x00000000ec400000)
  from space 4096K, 0% used [0x00000000ec800000,0x00000000ec800000,0x00000000ecc00000)
  to   space 4096K, 0% used [0x00000000ec400000,0x00000000ec400000,0x00000000ec800000)
 ParOldGen       total 68608K, used 0K [0x00000000c0000000, 0x00000000c4300000, 0x00000000eab00000)
  object space 68608K, 0% used [0x00000000c0000000,0x00000000c0000000,0x00000000c4300000)
 Metaspace       used 12866K, committed 13056K, reserved 1064960K
  class space    used 1302K, committed 1408K, reserved 1048576K
}
Event: 0.834 GC heap after
{Heap after GC invocations=1 (full 0):
 PSYoungGen      total 29696K, used 4064K [0x00000000eab00000, 0x00000000ecc00000, 0x0000000100000000)
  eden space 25600K, 0% used [0x00000000eab00000,0x00000000eab00000,0x00000000ec400000)
  from space 4096K, 99% used [0x00000000ec400000,0x00000000ec7f83a8,0x00000000ec800000)
  to   space 4096K, 0% used [0x00000000ec800000,0x00000000ec800000,0x00000000ecc00000)
 ParOldGen       total 68608K, used 624K [0x00000000c0000000, 0x00000000c4300000, 0x00000000eab00000)
  object space 68608K, 0% used [0x00000000c0000000,0x00000000c009c020,0x00000000c4300000)
 Metaspace       used 12866K, committed 13056K, reserved 1064960K
  class space    used 1302K, committed 1408K, reserved 1048576K
}
Event: 1.532 GC heap before
{Heap before GC invocations=2 (full 0):
 PSYoungGen      total 29696K, used 29664K [0x00000000eab00000, 0x00000000ecc00000, 0x0000000100000000)
  eden space 25600K, 99% used [0x00000000eab00000,0x00000000ec3ffe50,0x00000000ec400000)
  from space 4096K, 99% used [0x00000000ec400000,0x00000000ec7f83a8,0x00000000ec800000)
  to   space 4096K, 0% used [0x00000000ec800000,0x00000000ec800000,0x00000000ecc00000)
 ParOldGen       total 68608K, used 624K [0x00000000c0000000, 0x00000000c4300000, 0x00000000eab00000)
  object space 68608K, 0% used [0x00000000c0000000,0x00000000c009c020,0x00000000c4300000)
 Metaspace       used 20262K, committed 20672K, reserved 1073152K
  class space    used 2063K, committed 2240K, reserved 1048576K
}
Event: 1.539 GC heap after
{Heap after GC invocations=2 (full 0):
 PSYoungGen      total 29696K, used 4089K [0x00000000eab00000, 0x00000000ecc00000, 0x0000000100000000)
  eden space 25600K, 0% used [0x00000000eab00000,0x00000000eab00000,0x00000000ec400000)
  from space 4096K, 99% used [0x00000000ec800000,0x00000000ecbfe498,0x00000000ecc00000)
  to   space 4096K, 0% used [0x00000000ec400000,0x00000000ec400000,0x00000000ec800000)
 ParOldGen       total 68608K, used 5588K [0x00000000c0000000, 0x00000000c4300000, 0x00000000eab00000)
  object space 68608K, 8% used [0x00000000c0000000,0x00000000c05750c8,0x00000000c4300000)
 Metaspace       used 20262K, committed 20672K, reserved 1073152K
  class space    used 2063K, committed 2240K, reserved 1048576K
}
Event: 1.565 GC heap before
{Heap before GC invocations=3 (full 0):
 PSYoungGen      total 29696K, used 6294K [0x00000000eab00000, 0x00000000ecc00000, 0x0000000100000000)
  eden space 25600K, 8% used [0x00000000eab00000,0x00000000ead27430,0x00000000ec400000)
  from space 4096K, 99% used [0x00000000ec800000,0x00000000ecbfe498,0x00000000ecc00000)
  to   space 4096K, 0% used [0x00000000ec400000,0x00000000ec400000,0x00000000ec800000)
 ParOldGen       total 68608K, used 5588K [0x00000000c0000000, 0x00000000c4300000, 0x00000000eab00000)
  object space 68608K, 8% used [0x00000000c0000000,0x00000000c05750c8,0x00000000c4300000)
 Metaspace       used 21019K, committed 21504K, reserved 1073152K
  class space    used 2137K, committed 2368K, reserved 1048576K
}
Event: 1.568 GC heap after
{Heap after GC invocations=3 (full 0):
 PSYoungGen      total 29696K, used 4064K [0x00000000eab00000, 0x00000000ecc00000, 0x0000000100000000)
  eden space 25600K, 0% used [0x00000000eab00000,0x00000000eab00000,0x00000000ec400000)
  from space 4096K, 99% used [0x00000000ec400000,0x00000000ec7f8318,0x00000000ec800000)
  to   space 4096K, 0% used [0x00000000ec800000,0x00000000ec800000,0x00000000ecc00000)
 ParOldGen       total 68608K, used 5799K [0x00000000c0000000, 0x00000000c4300000, 0x00000000eab00000)
  object space 68608K, 8% used [0x00000000c0000000,0x00000000c05a9cd8,0x00000000c4300000)
 Metaspace       used 21019K, committed 21504K, reserved 1073152K
  class space    used 2137K, committed 2368K, reserved 1048576K
}
Event: 1.568 GC heap before
{Heap before GC invocations=4 (full 1):
 PSYoungGen      total 29696K, used 4064K [0x00000000eab00000, 0x00000000ecc00000, 0x0000000100000000)
  eden space 25600K, 0% used [0x00000000eab00000,0x00000000eab00000,0x00000000ec400000)
  from space 4096K, 99% used [0x00000000ec400000,0x00000000ec7f8318,0x00000000ec800000)
  to   space 4096K, 0% used [0x00000000ec800000,0x00000000ec800000,0x00000000ecc00000)
 ParOldGen       total 68608K, used 5799K [0x00000000c0000000, 0x00000000c4300000, 0x00000000eab00000)
  object space 68608K, 8% used [0x00000000c0000000,0x00000000c05a9cd8,0x00000000c4300000)
 Metaspace       used 21019K, committed 21504K, reserved 1073152K
  class space    used 2137K, committed 2368K, reserved 1048576K
}
Event: 1.590 GC heap after
{Heap after GC invocations=4 (full 1):
 PSYoungGen      total 29696K, used 0K [0x00000000eab00000, 0x00000000ecc00000, 0x0000000100000000)
  eden space 25600K, 0% used [0x00000000eab00000,0x00000000eab00000,0x00000000ec400000)
  from space 4096K, 0% used [0x00000000ec400000,0x00000000ec400000,0x00000000ec800000)
  to   space 4096K, 0% used [0x00000000ec800000,0x00000000ec800000,0x00000000ecc00000)
 ParOldGen       total 68608K, used 9652K [0x00000000c0000000, 0x00000000c4300000, 0x00000000eab00000)
  object space 68608K, 14% used [0x00000000c0000000,0x00000000c096d200,0x00000000c4300000)
 Metaspace       used 21019K, committed 21504K, reserved 1073152K
  class space    used 2137K, committed 2368K, reserved 1048576K
}
Event: 3.246 GC heap before
{Heap before GC invocations=5 (full 1):
 PSYoungGen      total 29696K, used 25600K [0x00000000eab00000, 0x00000000ecc00000, 0x0000000100000000)
  eden space 25600K, 100% used [0x00000000eab00000,0x00000000ec400000,0x00000000ec400000)
  from space 4096K, 0% used [0x00000000ec400000,0x00000000ec400000,0x00000000ec800000)
  to   space 4096K, 0% used [0x00000000ec800000,0x00000000ec800000,0x00000000ecc00000)
 ParOldGen       total 68608K, used 9652K [0x00000000c0000000, 0x00000000c4300000, 0x00000000eab00000)
  object space 68608K, 14% used [0x00000000c0000000,0x00000000c096d200,0x00000000c4300000)
 Metaspace       used 27830K, committed 28352K, reserved 1081344K
  class space    used 2719K, committed 2944K, reserved 1048576K
}
Event: 3.248 GC heap after
{Heap after GC invocations=5 (full 1):
 PSYoungGen      total 29696K, used 1932K [0x00000000eab00000, 0x00000000ecc00000, 0x0000000100000000)
  eden space 25600K, 0% used [0x00000000eab00000,0x00000000eab00000,0x00000000ec400000)
  from space 4096K, 47% used [0x00000000ec800000,0x00000000ec9e3250,0x00000000ecc00000)
  to   space 4096K, 0% used [0x00000000ec400000,0x00000000ec400000,0x00000000ec800000)
 ParOldGen       total 68608K, used 9660K [0x00000000c0000000, 0x00000000c4300000, 0x00000000eab00000)
  object space 68608K, 14% used [0x00000000c0000000,0x00000000c096f200,0x00000000c4300000)
 Metaspace       used 27830K, committed 28352K, reserved 1081344K
  class space    used 2719K, committed 2944K, reserved 1048576K
}
Event: 6.765 GC heap before
{Heap before GC invocations=6 (full 1):
 PSYoungGen      total 29696K, used 27532K [0x00000000eab00000, 0x00000000ecc00000, 0x0000000100000000)
  eden space 25600K, 100% used [0x00000000eab00000,0x00000000ec400000,0x00000000ec400000)
  from space 4096K, 47% used [0x00000000ec800000,0x00000000ec9e3250,0x00000000ecc00000)
  to   space 4096K, 0% used [0x00000000ec400000,0x00000000ec400000,0x00000000ec800000)
 ParOldGen       total 68608K, used 9660K [0x00000000c0000000, 0x00000000c4300000, 0x00000000eab00000)
  object space 68608K, 14% used [0x00000000c0000000,0x00000000c096f200,0x00000000c4300000)
 Metaspace       used 34656K, committed 35392K, reserved 1081344K
  class space    used 3617K, committed 3904K, reserved 1048576K
}
Event: 6.770 GC heap after
{Heap after GC invocations=6 (full 1):
 PSYoungGen      total 29184K, used 4074K [0x00000000eab00000, 0x00000000ecd80000, 0x0000000100000000)
  eden space 25088K, 0% used [0x00000000eab00000,0x00000000eab00000,0x00000000ec380000)
  from space 4096K, 99% used [0x00000000ec400000,0x00000000ec7fabe8,0x00000000ec800000)
  to   space 5120K, 0% used [0x00000000ec880000,0x00000000ec880000,0x00000000ecd80000)
 ParOldGen       total 68608K, used 10069K [0x00000000c0000000, 0x00000000c4300000, 0x00000000eab00000)
  object space 68608K, 14% used [0x00000000c0000000,0x00000000c09d5700,0x00000000c4300000)
 Metaspace       used 34656K, committed 35392K, reserved 1081344K
  class space    used 3617K, committed 3904K, reserved 1048576K
}
Event: 6.908 GC heap before
{Heap before GC invocations=7 (full 1):
 PSYoungGen      total 29184K, used 6067K [0x00000000eab00000, 0x00000000ecd80000, 0x0000000100000000)
  eden space 25088K, 7% used [0x00000000eab00000,0x00000000eacf2200,0x00000000ec380000)
  from space 4096K, 99% used [0x00000000ec400000,0x00000000ec7fabe8,0x00000000ec800000)
  to   space 5120K, 0% used [0x00000000ec880000,0x00000000ec880000,0x00000000ecd80000)
 ParOldGen       total 68608K, used 10069K [0x00000000c0000000, 0x00000000c4300000, 0x00000000eab00000)
  object space 68608K, 14% used [0x00000000c0000000,0x00000000c09d5700,0x00000000c4300000)
 Metaspace       used 35183K, committed 35840K, reserved 1081344K
  class space    used 3690K, committed 3968K, reserved 1048576K
}
Event: 6.911 GC heap after
{Heap after GC invocations=7 (full 1):
 PSYoungGen      total 30208K, used 4511K [0x00000000eab00000, 0x00000000ecd80000, 0x0000000100000000)
  eden space 25088K, 0% used [0x00000000eab00000,0x00000000eab00000,0x00000000ec380000)
  from space 5120K, 88% used [0x00000000ec880000,0x00000000ecce7c80,0x00000000ecd80000)
  to   space 5120K, 0% used [0x00000000ec380000,0x00000000ec380000,0x00000000ec880000)
 ParOldGen       total 68608K, used 10069K [0x00000000c0000000, 0x00000000c4300000, 0x00000000eab00000)
  object space 68608K, 14% used [0x00000000c0000000,0x00000000c09d5700,0x00000000c4300000)
 Metaspace       used 35183K, committed 35840K, reserved 1081344K
  class space    used 3690K, committed 3968K, reserved 1048576K
}
Event: 6.911 GC heap before
{Heap before GC invocations=8 (full 2):
 PSYoungGen      total 30208K, used 4511K [0x00000000eab00000, 0x00000000ecd80000, 0x0000000100000000)
  eden space 25088K, 0% used [0x00000000eab00000,0x00000000eab00000,0x00000000ec380000)
  from space 5120K, 88% used [0x00000000ec880000,0x00000000ecce7c80,0x00000000ecd80000)
  to   space 5120K, 0% used [0x00000000ec380000,0x00000000ec380000,0x00000000ec880000)
 ParOldGen       total 68608K, used 10069K [0x00000000c0000000, 0x00000000c4300000, 0x00000000eab00000)
  object space 68608K, 14% used [0x00000000c0000000,0x00000000c09d5700,0x00000000c4300000)
 Metaspace       used 35183K, committed 35840K, reserved 1081344K
  class space    used 3690K, committed 3968K, reserved 1048576K
}
Event: 6.937 GC heap after
{Heap after GC invocations=8 (full 2):
 PSYoungGen      total 30208K, used 0K [0x00000000eab00000, 0x00000000ecd80000, 0x0000000100000000)
  eden space 25088K, 0% used [0x00000000eab00000,0x00000000eab00000,0x00000000ec380000)
  from space 5120K, 0% used [0x00000000ec880000,0x00000000ec880000,0x00000000ecd80000)
  to   space 5120K, 0% used [0x00000000ec380000,0x00000000ec380000,0x00000000ec880000)
 ParOldGen       total 68608K, used 13239K [0x00000000c0000000, 0x00000000c4300000, 0x00000000eab00000)
  object space 68608K, 19% used [0x00000000c0000000,0x00000000c0cedc48,0x00000000c4300000)
 Metaspace       used 35183K, committed 35840K, reserved 1081344K
  class space    used 3690K, committed 3968K, reserved 1048576K
}

Deoptimization events (20 events):
Event: 6.908 Thread 0x000001cdd97d7450 DEOPT PACKING pc=0x000001cdcc104e20 sp=0x0000002d5c9fa4c0
Event: 6.908 Thread 0x000001cdd97d7450 DEOPT UNPACKING pc=0x000001cdc45820a3 sp=0x0000002d5c9fa2c8 mode 2
Event: 7.043 Thread 0x000001cdd97d4dd0 DEOPT PACKING pc=0x000001cdc5054e1e sp=0x0000002d5cbfdc30
Event: 7.043 Thread 0x000001cdd97d4dd0 DEOPT UNPACKING pc=0x000001cdc4582843 sp=0x0000002d5cbfd120 mode 0
Event: 7.051 Thread 0x000001cdd97d4dd0 Uncommon trap: trap_request=0xffffffc6 fr.pc=0x000001cdcc0fbcbc relative=0x000000000000045c
Event: 7.051 Thread 0x000001cdd97d4dd0 Uncommon trap: reason=bimorphic_or_optimized_type_check action=maybe_recompile pc=0x000001cdcc0fbcbc method=java.io.BufferedInputStream.read([BII)I @ 101 c2
Event: 7.051 Thread 0x000001cdd97d4dd0 DEOPT PACKING pc=0x000001cdcc0fbcbc sp=0x0000002d5cbfe2e0
Event: 7.051 Thread 0x000001cdd97d4dd0 DEOPT UNPACKING pc=0x000001cdc45820a3 sp=0x0000002d5cbfe278 mode 2
Event: 7.051 Thread 0x000001cdd97d4dd0 Uncommon trap: trap_request=0xffffffc6 fr.pc=0x000001cdcc0bb1e0 relative=0x0000000000001da0
Event: 7.051 Thread 0x000001cdd97d4dd0 Uncommon trap: reason=bimorphic_or_optimized_type_check action=maybe_recompile pc=0x000001cdcc0bb1e0 method=java.io.BufferedInputStream.read1([BII)I @ 39 c2
Event: 7.051 Thread 0x000001cdd97d4dd0 DEOPT PACKING pc=0x000001cdcc0bb1e0 sp=0x0000002d5cbfe220
Event: 7.051 Thread 0x000001cdd97d4dd0 DEOPT UNPACKING pc=0x000001cdc45820a3 sp=0x0000002d5cbfe208 mode 2
Event: 7.070 Thread 0x000001cdd97d4dd0 Uncommon trap: trap_request=0xffffffc6 fr.pc=0x000001cdcc0d8db8 relative=0x0000000000000818
Event: 7.070 Thread 0x000001cdd97d4dd0 Uncommon trap: reason=bimorphic_or_optimized_type_check action=maybe_recompile pc=0x000001cdcc0d8db8 method=java.util.HashMap.putVal(ILjava/lang/Object;Ljava/lang/Object;ZZ)Ljava/lang/Object; @ 91 c2
Event: 7.070 Thread 0x000001cdd97d4dd0 DEOPT PACKING pc=0x000001cdcc0d8db8 sp=0x0000002d5cbfe730
Event: 7.070 Thread 0x000001cdd97d4dd0 DEOPT UNPACKING pc=0x000001cdc45820a3 sp=0x0000002d5cbfe6a0 mode 2
Event: 7.116 Thread 0x000001cdd97d4dd0 Uncommon trap: trap_request=0xffffff45 fr.pc=0x000001cdcc0efd40 relative=0x0000000000000aa0
Event: 7.116 Thread 0x000001cdd97d4dd0 Uncommon trap: reason=unstable_if action=reinterpret pc=0x000001cdcc0efd40 method=java.lang.String.<init>([BIILjava/nio/charset/Charset;)V @ 47 c2
Event: 7.116 Thread 0x000001cdd97d4dd0 DEOPT PACKING pc=0x000001cdcc0efd40 sp=0x0000002d5cbfd9a0
Event: 7.116 Thread 0x000001cdd97d4dd0 DEOPT UNPACKING pc=0x000001cdc45820a3 sp=0x0000002d5cbfd968 mode 2

Classes unloaded (0 events):
No events

Classes redefined (0 events):
No events

Internal exceptions (20 events):
Event: 1.528 Thread 0x000001cdd80d15b0 Exception <a 'java/lang/IncompatibleClassChangeError'{0x00000000ec3e5ec8}: Found class java.lang.Object, but interface was expected> (0x00000000ec3e5ec8) 
thrown [e:\jenkins\tmp\workspace\build\src\src\hotspot\share\interpreter\linkResolver.cpp, line 833]
Event: 1.812 Thread 0x000001cdd80d15b0 Exception <a 'java/lang/ClassNotFoundException'{0x00000000ebd51ee0}: com/sun/org/apache/xerces/internal/impl/msg/spi/DOMMessagesProvider> (0x00000000ebd51ee0) 
thrown [e:\jenkins\tmp\workspace\build\src\src\hotspot\share\classfile\systemDictionary.cpp, line 256]
Event: 1.814 Thread 0x000001cdd80d15b0 Exception <a 'java/lang/ClassNotFoundException'{0x00000000ebd7a100}: com/sun/org/apache/xerces/internal/impl/msg/spi/XMLSerializerMessagesProvider> (0x00000000ebd7a100) 
thrown [e:\jenkins\tmp\workspace\build\src\src\hotspot\share\classfile\systemDictionary.cpp, line 256]
Event: 1.815 Thread 0x000001cdd80d15b0 Exception <a 'java/lang/ClassNotFoundException'{0x00000000ebd925f0}: com/sun/org/apache/xerces/internal/impl/msg/spi/XMLMessagesProvider> (0x00000000ebd925f0) 
thrown [e:\jenkins\tmp\workspace\build\src\src\hotspot\share\classfile\systemDictionary.cpp, line 256]
Event: 1.898 Thread 0x000001cdd80d15b0 Exception <a 'sun/nio/fs/WindowsException'{0x00000000ebfedfe8}> (0x00000000ebfedfe8) 
thrown [e:\jenkins\tmp\workspace\build\src\src\hotspot\share\prims\jni.cpp, line 516]
Event: 1.953 Thread 0x000001cdd80d15b0 Exception <a 'java/lang/ClassNotFoundException'{0x00000000ec138700}: com/sun/org/apache/xml/internal/serializer/spi/XMLEntitiesProvider> (0x00000000ec138700) 
thrown [e:\jenkins\tmp\workspace\build\src\src\hotspot\share\classfile\systemDictionary.cpp, line 256]
Event: 5.782 Thread 0x000001cdd80d15b0 Exception <a 'java/lang/NoSuchMethodError'{0x00000000eb175b28}: 'void java.lang.invoke.DirectMethodHandle$Holder.invokeSpecial(java.lang.Object, java.lang.Object, java.lang.Object, int)'> (0x00000000eb175b28) 
thrown [e:\jenkins\tmp\workspace\build\src\src\hotspot\share\interpreter\linkResolver.cpp, line 766]
Event: 5.912 Thread 0x000001cdd80d15b0 Exception <a 'java/lang/NoSuchMethodError'{0x00000000eb33cec0}: static Lorg/eclipse/m2e/core/internal/lifecyclemapping/model/PluginExecutionMetadata;.<clinit>()V> (0x00000000eb33cec0) 
thrown [e:\jenkins\tmp\workspace\build\src\src\hotspot\share\prims\jni.cpp, line 1107]
Event: 5.915 Thread 0x000001cdd80d15b0 Exception <a 'java/lang/NoSuchMethodError'{0x00000000eb367b80}: static Lorg/eclipse/m2e/core/internal/lifecyclemapping/model/PluginExecutionFilter;.<clinit>()V> (0x00000000eb367b80) 
thrown [e:\jenkins\tmp\workspace\build\src\src\hotspot\share\prims\jni.cpp, line 1107]
Event: 6.104 Thread 0x000001cdd80d15b0 Exception <a 'java/io/FileNotFoundException'{0x00000000eb592d88}> (0x00000000eb592d88) 
thrown [e:\jenkins\tmp\workspace\build\src\src\hotspot\share\prims\jni.cpp, line 516]
Event: 6.150 Thread 0x000001cdd80d15b0 Exception <a 'java/io/FileNotFoundException'{0x00000000eb5cb310}> (0x00000000eb5cb310) 
thrown [e:\jenkins\tmp\workspace\build\src\src\hotspot\share\prims\jni.cpp, line 516]
Event: 6.156 Thread 0x000001cdd80d15b0 Exception <a 'java/io/FileNotFoundException'{0x00000000eb5f5ad0}> (0x00000000eb5f5ad0) 
thrown [e:\jenkins\tmp\workspace\build\src\src\hotspot\share\prims\jni.cpp, line 516]
Event: 6.354 Thread 0x000001cdd80d15b0 Implicit null exception at 0x000001cdcc0e154a to 0x000001cdcc0e2238
Event: 6.631 Thread 0x000001cdc00a03c0 Exception <a 'java/lang/NoSuchMethodError'{0x00000000ebe74920}: 'java.lang.Object java.lang.invoke.DirectMethodHandle$Holder.newInvokeSpecial(java.lang.Object, java.lang.Object, java.lang.Object, java.lang.Object, java.lang.Object)'> (0x00000000ebe74920) 
thrown [e:\jenkins\tmp\workspace\build\src\src\hotspot\share\interpreter\linkResolver.cpp, line 766]
Event: 6.705 Thread 0x000001cdd97d4430 Exception <a 'java/io/FileNotFoundException'{0x00000000ec0c8ec8}> (0x00000000ec0c8ec8) 
thrown [e:\jenkins\tmp\workspace\build\src\src\hotspot\share\prims\jni.cpp, line 516]
Event: 6.741 Thread 0x000001cdd97d4430 Exception <a 'java/lang/NoSuchMethodError'{0x00000000ec33f958}: 'void java.lang.invoke.DirectMethodHandle$Holder.invokeStatic(java.lang.Object, java.lang.Object, java.lang.Object, java.lang.Object, java.lang.Object, java.lang.Object)'> (0x00000000ec33f958) 
thrown [e:\jenkins\tmp\workspace\build\src\src\hotspot\share\interpreter\linkResolver.cpp, line 766]
Event: 6.894 Thread 0x000001cdd97d5c40 Exception <a 'java/lang/NoSuchMethodError'{0x00000000eac8dd80}: 'org.slf4j.impl.StaticMDCBinder org.slf4j.impl.StaticMDCBinder.getSingleton()'> (0x00000000eac8dd80) 
thrown [e:\jenkins\tmp\workspace\build\src\src\hotspot\share\interpreter\linkResolver.cpp, line 766]
Event: 7.035 Thread 0x000001cdd97d4dd0 Exception <a 'java/lang/NoSuchMethodError'{0x00000000eadba558}: 'int java.lang.invoke.DirectMethodHandle$Holder.invokeInterface(java.lang.Object, java.lang.Object)'> (0x00000000eadba558) 
thrown [e:\jenkins\tmp\workspace\build\src\src\hotspot\share\interpreter\linkResolver.cpp, line 766]
Event: 7.035 Thread 0x000001cdd97d4dd0 Exception <a 'java/lang/IncompatibleClassChangeError'{0x00000000eadbd840}: Found class java.lang.Object, but interface was expected> (0x00000000eadbd840) 
thrown [e:\jenkins\tmp\workspace\build\src\src\hotspot\share\interpreter\linkResolver.cpp, line 833]
Event: 7.100 Thread 0x000001cdd97d4dd0 Exception <a 'java/lang/NoSuchMethodError'{0x00000000eafe3808}: 'java.lang.Object java.lang.invoke.Invokers$Holder.invoke_MT(java.lang.Object, java.lang.Object, java.lang.Object)'> (0x00000000eafe3808) 
thrown [e:\jenkins\tmp\workspace\build\src\src\hotspot\share\interpreter\linkResolver.cpp, line 766]

VM Operations (20 events):
Event: 6.249 Executing VM operation: Cleanup
Event: 6.263 Executing VM operation: Cleanup done
Event: 6.765 Executing VM operation: ParallelGCFailedAllocation
Event: 6.770 Executing VM operation: ParallelGCFailedAllocation done
Event: 6.908 Executing VM operation: CollectForMetadataAllocation
Event: 6.937 Executing VM operation: CollectForMetadataAllocation done
Event: 6.937 Executing VM operation: CollectForMetadataAllocation
Event: 6.938 Executing VM operation: CollectForMetadataAllocation done
Event: 7.079 Executing VM operation: HandshakeAllThreads
Event: 7.079 Executing VM operation: HandshakeAllThreads done
Event: 7.082 Executing VM operation: HandshakeAllThreads
Event: 7.082 Executing VM operation: HandshakeAllThreads done
Event: 7.088 Executing VM operation: HandshakeAllThreads
Event: 7.088 Executing VM operation: HandshakeAllThreads done
Event: 7.089 Executing VM operation: HandshakeAllThreads
Event: 7.089 Executing VM operation: HandshakeAllThreads done
Event: 7.116 Executing VM operation: HandshakeAllThreads
Event: 7.116 Executing VM operation: HandshakeAllThreads done
Event: 7.118 Executing VM operation: HandshakeAllThreads
Event: 7.118 Executing VM operation: HandshakeAllThreads done

Events (20 events):
Event: 7.105 loading class java/nio/file/ClosedDirectoryStreamException
Event: 7.105 loading class java/nio/file/ClosedDirectoryStreamException done
Event: 7.107 loading class jdk/internal/jrtfs/JrtFileSystem
Event: 7.108 loading class jdk/internal/jrtfs/JrtFileSystem done
Event: 7.108 loading class jdk/internal/jrtfs/JrtPath
Event: 7.109 loading class jdk/internal/jrtfs/JrtPath done
Event: 7.109 loading class jdk/internal/jimage/ImageReader$Node
Event: 7.109 loading class jdk/internal/jimage/ImageReader$Node done
Event: 7.112 loading class java/nio/file/FileVisitOption
Event: 7.112 loading class java/nio/file/FileVisitOption done
Event: 7.112 loading class java/nio/file/FileTreeWalker
Event: 7.112 loading class java/lang/TypeNotPresentException
Event: 7.112 loading class java/lang/TypeNotPresentException done
Event: 7.112 loading class java/nio/file/FileTreeWalker done
Event: 7.112 loading class java/util/RegularEnumSet$EnumSetIterator
Event: 7.112 loading class java/util/RegularEnumSet$EnumSetIterator done
Event: 7.115 loading class java/nio/ByteBufferAsIntBufferL
Event: 7.116 loading class java/nio/ByteBufferAsIntBufferL done
Event: 7.117 loading class jdk/internal/jimage/ImageReader$Directory
Event: 7.117 loading class jdk/internal/jimage/ImageReader$Directory done


Dynamic libraries:
0x00007ff795e40000 - 0x00007ff795e4e000 	c:\Users\Alejandro\.vscode\extensions\redhat.java-1.2.0\jre\17.0.1-win32-x86_64\bin\java.exe
0x00007ffafc810000 - 0x00007ffafca05000 	C:\WINDOWS\SYSTEM32\ntdll.dll
0x00007ffafc6f0000 - 0x00007ffafc7ae000 	C:\WINDOWS\System32\KERNEL32.DLL
0x00007ffafa370000 - 0x00007ffafa638000 	C:\WINDOWS\System32\KERNELBASE.dll
0x00007ffafa270000 - 0x00007ffafa370000 	C:\WINDOWS\System32\ucrtbase.dll
0x00007ffae3640000 - 0x00007ffae3658000 	c:\Users\Alejandro\.vscode\extensions\redhat.java-1.2.0\jre\17.0.1-win32-x86_64\bin\jli.dll
0x00007ffae3b70000 - 0x00007ffae3b89000 	c:\Users\Alejandro\.vscode\extensions\redhat.java-1.2.0\jre\17.0.1-win32-x86_64\bin\VCRUNTIME140.dll
0x00007ffafb180000 - 0x00007ffafb321000 	C:\WINDOWS\System32\USER32.dll
0x00007ffaf9f20000 - 0x00007ffaf9f42000 	C:\WINDOWS\System32\win32u.dll
0x00007ffade000000 - 0x00007ffade29a000 	C:\WINDOWS\WinSxS\amd64_microsoft.windows.common-controls_6595b64144ccf1df_6.0.19041.1110_none_60b5254171f9507e\COMCTL32.dll
0x00007ffafb330000 - 0x00007ffafb35b000 	C:\WINDOWS\System32\GDI32.dll
0x00007ffafb6c0000 - 0x00007ffafb75e000 	C:\WINDOWS\System32\msvcrt.dll
0x00007ffafa100000 - 0x00007ffafa20d000 	C:\WINDOWS\System32\gdi32full.dll
0x00007ffafa6f0000 - 0x00007ffafa78d000 	C:\WINDOWS\System32\msvcp_win.dll
0x00007ffafc580000 - 0x00007ffafc5b0000 	C:\WINDOWS\System32\IMM32.DLL
0x00007ffae7560000 - 0x00007ffae756c000 	c:\Users\Alejandro\.vscode\extensions\redhat.java-1.2.0\jre\17.0.1-win32-x86_64\bin\vcruntime140_1.dll
0x00007ffaaa720000 - 0x00007ffaaa7b1000 	c:\Users\Alejandro\.vscode\extensions\redhat.java-1.2.0\jre\17.0.1-win32-x86_64\bin\msvcp140.dll
0x00007ffa850e0000 - 0x00007ffa85d26000 	c:\Users\Alejandro\.vscode\extensions\redhat.java-1.2.0\jre\17.0.1-win32-x86_64\bin\server\jvm.dll
0x00007ffafb070000 - 0x00007ffafb11c000 	C:\WINDOWS\System32\ADVAPI32.dll
0x00007ffafb420000 - 0x00007ffafb4bb000 	C:\WINDOWS\System32\sechost.dll
0x00007ffafb4c0000 - 0x00007ffafb5ea000 	C:\WINDOWS\System32\RPCRT4.dll
0x00007ffafb7e0000 - 0x00007ffafb7e8000 	C:\WINDOWS\System32\PSAPI.DLL
0x00007ffaf62c0000 - 0x00007ffaf62c9000 	C:\WINDOWS\SYSTEM32\WSOCK32.dll
0x00007ffade450000 - 0x00007ffade477000 	C:\WINDOWS\SYSTEM32\WINMM.dll
0x00007ffaf30d0000 - 0x00007ffaf30da000 	C:\WINDOWS\SYSTEM32\VERSION.dll
0x00007ffafc090000 - 0x00007ffafc0fb000 	C:\WINDOWS\System32\WS2_32.dll
0x00007ffaf8a50000 - 0x00007ffaf8a62000 	C:\WINDOWS\SYSTEM32\kernel.appcore.dll
0x00007ffae3630000 - 0x00007ffae363a000 	c:\Users\Alejandro\.vscode\extensions\redhat.java-1.2.0\jre\17.0.1-win32-x86_64\bin\jimage.dll
0x00007ffaf84f0000 - 0x00007ffaf86d4000 	C:\WINDOWS\SYSTEM32\DBGHELP.DLL
0x00007ffadcac0000 - 0x00007ffadcaec000 	C:\WINDOWS\SYSTEM32\dbgcore.DLL
0x00007ffafa7c0000 - 0x00007ffafa842000 	C:\WINDOWS\System32\bcryptPrimitives.dll
0x00007ffac06e0000 - 0x00007ffac0705000 	c:\Users\Alejandro\.vscode\extensions\redhat.java-1.2.0\jre\17.0.1-win32-x86_64\bin\java.dll
0x00007ffac0850000 - 0x00007ffac0868000 	c:\Users\Alejandro\.vscode\extensions\redhat.java-1.2.0\jre\17.0.1-win32-x86_64\bin\zip.dll
0x00007ffafb7f0000 - 0x00007ffafbf34000 	C:\WINDOWS\System32\SHELL32.dll
0x00007ffaf7c50000 - 0x00007ffaf83e4000 	C:\WINDOWS\SYSTEM32\windows.storage.dll
0x00007ffafab60000 - 0x00007ffafaeb5000 	C:\WINDOWS\System32\combase.dll
0x00007ffaf9970000 - 0x00007ffaf999e000 	C:\WINDOWS\SYSTEM32\Wldp.dll
0x00007ffafb360000 - 0x00007ffafb40d000 	C:\WINDOWS\System32\SHCORE.dll
0x00007ffafc030000 - 0x00007ffafc085000 	C:\WINDOWS\System32\shlwapi.dll
0x00007ffaf9e60000 - 0x00007ffaf9e7f000 	C:\WINDOWS\SYSTEM32\profapi.dll
0x00007ffac06c0000 - 0x00007ffac06d9000 	C:\Users\Alejandro\.vscode\extensions\redhat.java-1.2.0\jre\17.0.1-win32-x86_64\bin\net.dll
0x00007ffaf00d0000 - 0x00007ffaf01dc000 	C:\WINDOWS\SYSTEM32\WINHTTP.dll
0x00007ffaf9660000 - 0x00007ffaf96ca000 	C:\WINDOWS\system32\mswsock.dll
0x00007ffac03f0000 - 0x00007ffac0405000 	C:\Users\Alejandro\.vscode\extensions\redhat.java-1.2.0\jre\17.0.1-win32-x86_64\bin\nio.dll
0x00007ffaf9850000 - 0x00007ffaf9868000 	C:\WINDOWS\SYSTEM32\CRYPTSP.dll
0x00007ffaf8f80000 - 0x00007ffaf8fb4000 	C:\WINDOWS\system32\rsaenh.dll
0x00007ffafa790000 - 0x00007ffafa7b7000 	C:\WINDOWS\System32\bcrypt.dll
0x00007ffaf9e20000 - 0x00007ffaf9e4e000 	C:\WINDOWS\SYSTEM32\USERENV.dll
0x00007ffaf9870000 - 0x00007ffaf987c000 	C:\WINDOWS\SYSTEM32\CRYPTBASE.dll
0x00007ffaf92f0000 - 0x00007ffaf932b000 	C:\WINDOWS\SYSTEM32\IPHLPAPI.DLL
0x00007ffafbf40000 - 0x00007ffafbf48000 	C:\WINDOWS\System32\NSI.dll
0x00007ffaf2ab0000 - 0x00007ffaf2ac7000 	C:\WINDOWS\SYSTEM32\dhcpcsvc6.DLL
0x00007ffaf28d0000 - 0x00007ffaf28ed000 	C:\WINDOWS\SYSTEM32\dhcpcsvc.DLL
0x00007ffaf9330000 - 0x00007ffaf93fb000 	C:\WINDOWS\SYSTEM32\DNSAPI.dll
0x00007ffac0470000 - 0x00007ffac04ae000 	C:\Users\Alejandro\AppData\Roaming\Code\User\globalStorage\redhat.java\1.2.0\config_win\org.eclipse.equinox.launcher\org.eclipse.equinox.launcher.win32.win32.x86_64_1.2.400.v20211117-0650\eclipse_11602.dll
0x00007ffafa8b0000 - 0x00007ffafa9da000 	C:\WINDOWS\System32\ole32.dll
0x00007ffae7570000 - 0x00007ffae7580000 	c:\Users\Alejandro\.vscode\extensions\redhat.java-1.2.0\jre\17.0.1-win32-x86_64\bin\verify.dll
0x00007ffac0450000 - 0x00007ffac0461000 	C:\Users\Alejandro\AppData\Roaming\Code\User\globalStorage\redhat.java\1.2.0\config_win\org.eclipse.osgi\22\0\.cp\jWinHttp-1.0.0.dll

dbghelp: loaded successfully - version: 4.0.5 - missing functions: none
symbol engine: initialized successfully - sym options: 0x614 - pdb path: .;c:\Users\Alejandro\.vscode\extensions\redhat.java-1.2.0\jre\17.0.1-win32-x86_64\bin;C:\WINDOWS\SYSTEM32;C:\WINDOWS\WinSxS\amd64_microsoft.windows.common-controls_6595b64144ccf1df_6.0.19041.1110_none_60b5254171f9507e;c:\Users\Alejandro\.vscode\extensions\redhat.java-1.2.0\jre\17.0.1-win32-x86_64\bin\server;C:\Users\Alejandro\AppData\Roaming\Code\User\globalStorage\redhat.java\1.2.0\config_win\org.eclipse.equinox.launcher\org.eclipse.equinox.launcher.win32.win32.x86_64_1.2.400.v20211117-0650;C:\Users\Alejandro\AppData\Roaming\Code\User\globalStorage\redhat.java\1.2.0\config_win\org.eclipse.osgi\22\0\.cp

VM Arguments:
jvm_args: --add-modules=ALL-SYSTEM --add-opens=java.base/java.util=ALL-UNNAMED --add-opens=java.base/java.lang=ALL-UNNAMED -Declipse.application=org.eclipse.jdt.ls.core.id1 -Dosgi.bundles.defaultStartLevel=4 -Declipse.product=org.eclipse.jdt.ls.core.product -Djava.import.generatesMetadataFilesAtProjectRoot=false -Dfile.encoding=utf8 -DwatchParentProcess=false -XX:+UseParallelGC -XX:GCTimeRatio=4 -XX:AdaptiveSizePolicyWeight=90 -Dsun.zip.disableMemoryMapping=true -Xmx1G -Xms100m -XX:+HeapDumpOnOutOfMemoryError -XX:HeapDumpPath=c:\Users\Alejandro\AppData\Roaming\Code\User\workspaceStorage\bfba96caa2a40bd1869fa79584ead701\redhat.java 
java_command: c:\Users\Alejandro\.vscode\extensions\redhat.java-1.2.0\server\plugins\org.eclipse.equinox.launcher_1.6.400.v20210924-0641.jar -configuration c:\Users\Alejandro\AppData\Roaming\Code\User\globalStorage\redhat.java\1.2.0\config_win -data c:\Users\Alejandro\AppData\Roaming\Code\User\workspaceStorage\bfba96caa2a40bd1869fa79584ead701\redhat.java\jdt_ws
java_class_path (initial): c:\Users\Alejandro\.vscode\extensions\redhat.java-1.2.0\server\plugins\org.eclipse.equinox.launcher_1.6.400.v20210924-0641.jar
Launcher Type: SUN_STANDARD

[Global flags]
    uintx AdaptiveSizePolicyWeight                 = 90                                        {product} {command line}
     intx CICompilerCount                          = 3                                         {product} {ergonomic}
    uintx GCTimeRatio                              = 4                                         {product} {command line}
     bool HeapDumpOnOutOfMemoryError               = true                                   {manageable} {command line}
    ccstr HeapDumpPath                             = c:\Users\Alejandro\AppData\Roaming\Code\User\workspaceStorage\bfba96caa2a40bd1869fa79584ead701\redhat.java         {manageable} {command line}
   size_t InitialHeapSize                          = 104857600                                 {product} {command line}
   size_t MaxHeapSize                              = 1073741824                                {product} {command line}
   size_t MaxNewSize                               = 357564416                                 {product} {ergonomic}
   size_t MinHeapDeltaBytes                        = 524288                                    {product} {ergonomic}
   size_t MinHeapSize                              = 104857600                                 {product} {command line}
   size_t NewSize                                  = 34603008                                  {product} {ergonomic}
    uintx NonNMethodCodeHeapSize                   = 5832780                                {pd product} {ergonomic}
    uintx NonProfiledCodeHeapSize                  = 122912730                              {pd product} {ergonomic}
   size_t OldSize                                  = 70254592                                  {product} {ergonomic}
    uintx ProfiledCodeHeapSize                     = 122912730                              {pd product} {ergonomic}
    uintx ReservedCodeCacheSize                    = 251658240                              {pd product} {ergonomic}
     bool SegmentedCodeCache                       = true                                      {product} {ergonomic}
   size_t SoftMaxHeapSize                          = 1073741824                             {manageable} {ergonomic}
     bool UseCompressedClassPointers               = true                           {product lp64_product} {ergonomic}
     bool UseCompressedOops                        = true                           {product lp64_product} {ergonomic}
     bool UseLargePagesIndividualAllocation        = false                                  {pd product} {ergonomic}
     bool UseParallelGC                            = true                                      {product} {command line}

Logging:
Log output configuration:
 #0: stdout all=warning uptime,level,tags
 #1: stderr all=off uptime,level,tags

Environment Variables:
JAVA_HOME=C:\Program Files\Java\jdk-17.0.1
PATH=C:\Program Files\Common Files\Oracle\Java\javapath;C:\Program Files\Eclipse Adoptium\jdk-17.0.1.12-hotspot\bin;C:\Program Files (x86)\Common Files\Oracle\Java\javapath;C:\windows\system32;C:\windows;C:\windows\System32\Wbem;C:\windows\System32\WindowsPowerShell\v1.0\;C:\Program Files\Java\jdk-17.0.1\bin;C:\windows\System32\OpenSSH\;C:\Program Files (x86)\NVIDIA Corporation\PhysX\Common;C:\WINDOWS\system32;C:\WINDOWS;C:\WINDOWS\System32\Wbem;C:\WINDOWS\System32\WindowsPowerShell\v1.0\;C:\WINDOWS\System32\OpenSSH\;C:\Program Files\Microsoft SQL Server\Client SDK\ODBC\170\Tools\Binn\;C:\Program Files (x86)\Microsoft SQL Server\150\Tools\Binn\;C:\Program Files\Microsoft SQL Server\150\Tools\Binn\;C:\Program Files\Microsoft SQL Server\150\DTS\Binn\;C:\Program Files (x86)\Microsoft SQL Server\150\DTS\Binn\;C:\Program Files\dotnet\;C:\Program Files\Microsoft SQL Server\130\Tools\Binn\;C:\Users\Alejandro\AppData\Local\Android\Sdk\emulator;C:\Users\Alejandro\AppData\Local\Android\Sdk\platform-tools;C:\Program Files\Git\cmd;C:\xampp\php;C:\ProgramData\ComposerSetup\bin;C:\Program Files\nodejs\;C:\Gradle\gradle-7.3.1\bin;C:\Program Files\mongosh-1.1.7-win32-x64\bin;C:\Program Files\MySQL\MySQL Shell 8.0\bin\;C:\Users\Alejandro\AppData\Local\Microsoft\WindowsApps;C:\Users\Alejandro\.dotnet\tools;C:\Users\Alejandro\AppData\Roaming\Composer\vendor\bin;C:\Program Files\heroku\bin;C:\Users\Alejandro\AppData\Roaming\npm;C:\apache-maven-3.8.4\bin;";C:\apache-maven-3.8.4\bin;";";%Java%\bin;";C:\Program Files\MongoDB\Server\4.4\bin;
USERNAME=Alejandro
OS=Windows_NT
PROCESSOR_IDENTIFIER=Intel64 Family 6 Model 142 Stepping 9, GenuineIntel



---------------  S Y S T E M  ---------------

OS:
 Windows 10 , 64 bit Build 19041 (10.0.19041.1348)
OS uptime: 0 days 22:14 hours

CPU: total 4 (initial active 4) (2 cores per cpu, 2 threads per core) family 6 model 142 stepping 9 microcode 0xb4, cx8, cmov, fxsr, ht, mmx, 3dnowpref, sse, sse2, sse3, ssse3, sse4.1, sse4.2, popcnt, lzcnt, tsc, tscinvbit, avx, avx2, aes, erms, clmul, bmi1, bmi2, adx, fma, vzeroupper, clflush, clflushopt

Memory: 4k page, system-wide physical 8107M (1113M free)
TotalPageFile size 11925M (AvailPageFile size 5M)
current process WorkingSet (physical memory assigned to process): 160M, peak: 161M
current process commit charge ("private bytes"): 248M, peak: 249M

vm_info: OpenJDK 64-Bit Server VM (17.0.1+12) for windows-amd64 JRE (17.0.1+12), built on Oct 20 2021 07:42:55 by "" with MS VC++ 16.7 (VS2019)

END.
