#
# There is insufficient memory for the Java Runtime Environment to continue.
# Native memory allocation (malloc) failed to allocate 32744 bytes for ChunkPool::allocate
# Possible reasons:
#   The system is out of physical RAM or swap space
#   The process is running with CompressedOops enabled, and the Java Heap may be blocking the growth of the native heap
# Possible solutions:
#   Reduce memory load on the system
#   Increase physical memory or swap space
#   Check if swap backing store is full
#   Decrease Java heap size (-Xmx/-Xms)
#   Decrease number of Java threads
#   Decrease Java thread stack sizes (-Xss)
#   Set larger code cache with -XX:ReservedCodeCacheSize=
#   JVM is running with Unscaled Compressed Oops mode in which the Java heap is
#     placed in the first 4GB address space. The Java Heap base address is the
#     maximum limit for the native heap growth. Please use -XX:HeapBaseMinAddress
#     to set the Java Heap base and to place the Java Heap above 4GB virtual address.
# This output file may be truncated or incomplete.
#
#  Out of Memory Error (arena.cpp:78), pid=9936, tid=15196
#
# JRE version: OpenJDK Runtime Environment Temurin-17.0.1+12 (17.0.1+12) (build 17.0.1+12)
# Java VM: OpenJDK 64-Bit Server VM Temurin-17.0.1+12 (17.0.1+12, mixed mode, tiered, compressed oops, compressed class ptrs, parallel gc, windows-amd64)
# No core dump will be written. Minidumps are not enabled by default on client versions of Windows
#

---------------  S U M M A R Y ------------

Command Line: --add-modules=ALL-SYSTEM --add-opens=java.base/java.util=ALL-UNNAMED --add-opens=java.base/java.lang=ALL-UNNAMED -Declipse.application=org.eclipse.jdt.ls.core.id1 -Dosgi.bundles.defaultStartLevel=4 -Declipse.product=org.eclipse.jdt.ls.core.product -Djava.import.generatesMetadataFilesAtProjectRoot=false -Dfile.encoding=utf8 -DwatchParentProcess=false -XX:+UseParallelGC -XX:GCTimeRatio=4 -XX:AdaptiveSizePolicyWeight=90 -Dsun.zip.disableMemoryMapping=true -Xmx1G -Xms100m -XX:+HeapDumpOnOutOfMemoryError -XX:HeapDumpPath=c:\Users\Alejandro\AppData\Roaming\Code\User\workspaceStorage\bfba96caa2a40bd1869fa79584ead701\redhat.java c:\Users\Alejandro\.vscode\extensions\redhat.java-1.2.0\server\plugins\org.eclipse.equinox.launcher_1.6.400.v20210924-0641.jar -configuration c:\Users\Alejandro\AppData\Roaming\Code\User\globalStorage\redhat.java\1.2.0\config_win -data c:\Users\Alejandro\AppData\Roaming\Code\User\workspaceStorage\bfba96caa2a40bd1869fa79584ead701\redhat.java\jdt_ws

Host: Intel(R) Core(TM) i7-7500U CPU @ 2.70GHz, 4 cores, 7G,  Windows 10 , 64 bit Build 19041 (10.0.19041.1348)
Time: Mon Jan 10 19:35:17 2022 Hora est. Pacífico, Sudamérica elapsed time: 59.447284 seconds (0d 0h 0m 59s)

---------------  T H R E A D  ---------------

Current thread (0x00000259444ec6d0):  JavaThread "C2 CompilerThread1" daemon [_thread_in_native, id=15196, stack(0x00000060fbe00000,0x00000060fbf00000)]


Current CompileTask:
C2:  59447 2428 %     4       java.io.WinNTFileSystem::normalize @ 22 (143 bytes)

Stack: [0x00000060fbe00000,0x00000060fbf00000]
Native frames: (J=compiled Java code, j=interpreted, Vv=VM code, C=native code)
V  [jvm.dll+0x6744da]
V  [jvm.dll+0x82e144]
V  [jvm.dll+0x82f8ee]
V  [jvm.dll+0x82ff53]
V  [jvm.dll+0x245175]
V  [jvm.dll+0xabaa0]
V  [jvm.dll+0xabdec]
V  [jvm.dll+0x2a1145]
V  [jvm.dll+0x750d8a]
V  [jvm.dll+0x58f13b]
V  [jvm.dll+0x57c033]
V  [jvm.dll+0x22022d]
V  [jvm.dll+0x2199e1]
V  [jvm.dll+0x217345]
V  [jvm.dll+0x1a355d]
V  [jvm.dll+0x226e38]
V  [jvm.dll+0x224f7c]
V  [jvm.dll+0x7e3f5b]
V  [jvm.dll+0x7de51a]
V  [jvm.dll+0x673305]
C  [ucrtbase.dll+0x21bb2]
C  [KERNEL32.DLL+0x17034]
C  [ntdll.dll+0x52651]


---------------  P R O C E S S  ---------------

Threads class SMR info:
_java_thread_list=0x000002594443edd0, length=23, elements={
0x000002592d181010, 0x0000025940f93b60, 0x0000025940f94710, 0x0000025940fb9260,
0x0000025940fb9e10, 0x0000025940fbb160, 0x0000025940fdb610, 0x0000025940ffcfe0,
0x0000025941000090, 0x0000025941005180, 0x000002594100e680, 0x0000025942bd4d50,
0x0000025942f64a30, 0x0000025942e9f040, 0x0000025942e9fd20, 0x0000025943380580,
0x0000025942d18480, 0x00000259435c3c90, 0x0000025943514d60, 0x00000259445c7870,
0x00000259445c4d20, 0x00000259444ec6d0, 0x00000259445c5b90
}

Java Threads: ( => current thread )
  0x000002592d181010 JavaThread "main" [_thread_blocked, id=3696, stack(0x00000060fa400000,0x00000060fa500000)]
  0x0000025940f93b60 JavaThread "Reference Handler" daemon [_thread_blocked, id=14524, stack(0x00000060fa700000,0x00000060fa800000)]
  0x0000025940f94710 JavaThread "Finalizer" daemon [_thread_blocked, id=13644, stack(0x00000060fa800000,0x00000060fa900000)]
  0x0000025940fb9260 JavaThread "Signal Dispatcher" daemon [_thread_blocked, id=7228, stack(0x00000060fa900000,0x00000060faa00000)]
  0x0000025940fb9e10 JavaThread "Attach Listener" daemon [_thread_blocked, id=15396, stack(0x00000060faa00000,0x00000060fab00000)]
  0x0000025940fbb160 JavaThread "Service Thread" daemon [_thread_blocked, id=12432, stack(0x00000060fab00000,0x00000060fac00000)]
  0x0000025940fdb610 JavaThread "Monitor Deflation Thread" daemon [_thread_blocked, id=10148, stack(0x00000060fac00000,0x00000060fad00000)]
  0x0000025940ffcfe0 JavaThread "C2 CompilerThread0" daemon [_thread_in_native, id=6396, stack(0x00000060fad00000,0x00000060fae00000)]
  0x0000025941000090 JavaThread "C1 CompilerThread0" daemon [_thread_blocked, id=11444, stack(0x00000060fae00000,0x00000060faf00000)]
  0x0000025941005180 JavaThread "Sweeper thread" daemon [_thread_blocked, id=1528, stack(0x00000060faf00000,0x00000060fb000000)]
  0x000002594100e680 JavaThread "Common-Cleaner" daemon [_thread_blocked, id=12016, stack(0x00000060fb000000,0x00000060fb100000)]
  0x0000025942bd4d50 JavaThread "Notification Thread" daemon [_thread_blocked, id=8428, stack(0x00000060fb100000,0x00000060fb200000)]
  0x0000025942f64a30 JavaThread "Active Thread: Equinox Container: 5a495849-d2c5-4516-a39e-5740f8bd6d27" [_thread_blocked, id=13868, stack(0x00000060fb300000,0x00000060fb400000)]
  0x0000025942e9f040 JavaThread "Framework Event Dispatcher: Equinox Container: 5a495849-d2c5-4516-a39e-5740f8bd6d27" daemon [_thread_blocked, id=13720, stack(0x00000060fb400000,0x00000060fb500000)]
  0x0000025942e9fd20 JavaThread "Start Level: Equinox Container: 5a495849-d2c5-4516-a39e-5740f8bd6d27" daemon [_thread_in_native, id=9700, stack(0x00000060fb800000,0x00000060fb900000)]
  0x0000025943380580 JavaThread "SCR Component Actor" daemon [_thread_blocked, id=1268, stack(0x00000060fb900000,0x00000060fba00000)]
  0x0000025942d18480 JavaThread "Bundle File Closer" daemon [_thread_blocked, id=15672, stack(0x00000060fa200000,0x00000060fa300000)]
  0x00000259435c3c90 JavaThread "Timer-1" [_thread_blocked, id=9256, stack(0x00000060fba00000,0x00000060fbb00000)]
  0x0000025943514d60 JavaThread "Worker-JM" [_thread_blocked, id=16344, stack(0x00000060fbb00000,0x00000060fbc00000)]
  0x00000259445c7870 JavaThread "Worker-0" [_thread_blocked, id=8332, stack(0x00000060fbc00000,0x00000060fbd00000)]
  0x00000259445c4d20 JavaThread "Worker-1" [_thread_blocked, id=9272, stack(0x00000060fbd00000,0x00000060fbe00000)]
=>0x00000259444ec6d0 JavaThread "C2 CompilerThread1" daemon [_thread_in_native, id=15196, stack(0x00000060fbe00000,0x00000060fbf00000)]
  0x00000259445c5b90 JavaThread "Java indexing" daemon [_thread_in_vm, id=16216, stack(0x00000060fbf00000,0x00000060fc000000)]

Other Threads:
  0x000002592d25ed30 VMThread "VM Thread" [stack: 0x00000060fa600000,0x00000060fa700000] [id=11916]
  0x0000025942bd5220 WatcherThread [stack: 0x00000060fb200000,0x00000060fb300000] [id=15456]
  0x000002592d196750 GCTaskThread "GC Thread#0" [stack: 0x00000060fa500000,0x00000060fa600000] [id=10924]
  0x0000025942e9f510 GCTaskThread "GC Thread#1" [stack: 0x00000060fb500000,0x00000060fb600000] [id=8904]
  0x0000025942e9f7c0 GCTaskThread "GC Thread#2" [stack: 0x00000060fb600000,0x00000060fb700000] [id=9420]
  0x0000025942e9fa70 GCTaskThread "GC Thread#3" [stack: 0x00000060fb700000,0x00000060fb800000] [id=3412]

Threads with active compile tasks:
C2 CompilerThread0    59708 2313  s    4       java.io.BufferedInputStream::read (113 bytes)
C2 CompilerThread1    59708 2428 %     4       java.io.WinNTFileSystem::normalize @ 22 (143 bytes)

VM state: not at safepoint (normal execution)

VM Mutex/Monitor currently owned by a thread: None

OutOfMemory and StackOverflow Exception counts:
OutOfMemoryError java_heap_errors=1
LinkageErrors=23

Heap address: 0x00000000c0000000, size: 1024 MB, Compressed Oops mode: 32-bit

CDS archive(s) not mapped
Compressed class space mapped at: 0x0000000100000000-0x0000000140000000, reserved size: 1073741824
Narrow klass base: 0x0000000000000000, Narrow klass shift: 3, Narrow klass range: 0x140000000

GC Precious Log:
 CPUs: 4 total, 4 available
 Memory: 8107M
 Large Page Support: Disabled
 NUMA Support: Disabled
 Compressed Oops: Enabled (32-bit)
 Alignments: Space 512K, Generation 512K, Heap 2M
 Heap Min Capacity: 100M
 Heap Initial Capacity: 100M
 Heap Max Capacity: 1G
 Pre-touch: Disabled
 Parallel Workers: 4

Heap:
 PSYoungGen      total 29696K, used 22481K [0x00000000eab00000, 0x00000000ecc00000, 0x0000000100000000)
  eden space 25600K, 87% used [0x00000000eab00000,0x00000000ec0f4520,0x00000000ec400000)
  from space 4096K, 0% used [0x00000000ec400000,0x00000000ec400000,0x00000000ec800000)
  to   space 4096K, 0% used [0x00000000ec800000,0x00000000ec800000,0x00000000ecc00000)
 ParOldGen       total 68608K, used 9560K [0x00000000c0000000, 0x00000000c4300000, 0x00000000eab00000)
  object space 68608K, 13% used [0x00000000c0000000,0x00000000c0956290,0x00000000c4300000)
 Metaspace       used 26790K, committed 27200K, reserved 1081344K
  class space    used 2610K, committed 2752K, reserved 1048576K

Card table byte_map: [0x000002592cb40000,0x000002592cd50000] _byte_map_base: 0x000002592c540000

Marking Bits: (ParMarkBitMap*) 0x00007ffa85c62a60
 Begin Bits: [0x000002593ee10000, 0x000002593fe10000)
 End Bits:   [0x000002593fe10000, 0x0000025940e10000)

Polling page: 0x000002592b050000

Metaspace:

Usage:
  Non-class:     23.61 MB used.
      Class:      2.55 MB used.
       Both:     26.16 MB used.

Virtual space:
  Non-class space:       32.00 MB reserved,      23.88 MB ( 75%) committed,  4 nodes.
      Class space:        1.00 GB reserved,       2.69 MB ( <1%) committed,  1 nodes.
             Both:        1.03 GB reserved,      26.56 MB (  3%) committed. 

Chunk freelists:
   Non-Class:  3.70 MB
       Class:  1.25 MB
        Both:  4.96 MB

MaxMetaspaceSize: unlimited
CompressedClassSpaceSize: 1.00 GB
Initial GC threshold: 21.00 MB
Current GC threshold: 35.00 MB
CDS: off
MetaspaceReclaimPolicy: balanced
 - commit_granule_bytes: 65536.
 - commit_granule_words: 8192.
 - virtual_space_node_default_size: 1048576.
 - enlarge_chunks_in_place: 1.
 - new_chunks_are_fully_committed: 0.
 - uncommit_free_chunks: 1.
 - use_allocation_guard: 0.
 - handle_deallocations: 1.


Internal statistics:

num_allocs_failed_limit: 3.
num_arena_births: 184.
num_arena_deaths: 0.
num_vsnodes_births: 5.
num_vsnodes_deaths: 0.
num_space_committed: 425.
num_space_uncommitted: 0.
num_chunks_returned_to_freelist: 3.
num_chunks_taken_from_freelist: 880.
num_chunk_merges: 3.
num_chunk_splits: 603.
num_chunks_enlarged: 435.
num_purges: 0.
num_inconsistent_stats: 0.

CodeHeap 'non-profiled nmethods': size=120000Kb used=797Kb max_used=797Kb free=119202Kb
 bounds [0x00000259378e0000, 0x0000025937b50000, 0x000002593ee10000]
CodeHeap 'profiled nmethods': size=120000Kb used=5202Kb max_used=5202Kb free=114797Kb
 bounds [0x00000259303b0000, 0x00000259308d0000, 0x00000259378e0000]
CodeHeap 'non-nmethods': size=5760Kb used=1223Kb max_used=1244Kb free=4536Kb
 bounds [0x000002592fe10000, 0x0000025930080000, 0x00000259303b0000]
 total_blobs=2976 nmethods=2446 adapters=443
 compilation: enabled
              stopped_count=0, restarted_count=0
 full_count=0

Compilation events (20 events):
Event: 59.345 Thread 0x0000025941000090 2438       1       org.eclipse.core.runtime.QualifiedName::getQualifier (5 bytes)
Event: 59.346 Thread 0x0000025941000090 nmethod 2438 0x00000259379a6610 code [0x00000259379a67a0, 0x00000259379a6878]
Event: 59.346 Thread 0x0000025941000090 2437       1       org.eclipse.core.internal.resources.Workspace::getRoot (5 bytes)
Event: 59.346 Thread 0x0000025941000090 nmethod 2437 0x00000259379a6910 code [0x00000259379a6aa0, 0x00000259379a6b78]
Event: 59.346 Thread 0x0000025941000090 2441       3       org.eclipse.jdt.internal.core.JavaModelManager::getExternalManager (7 bytes)
Event: 59.346 Thread 0x0000025941000090 nmethod 2441 0x00000259308be490 code [0x00000259308be620, 0x00000259308be718]
Event: 59.346 Thread 0x0000025941000090 2442   !   3       org.eclipse.jdt.internal.core.ExternalFoldersManager::getFolders (196 bytes)
Event: 59.348 Thread 0x0000025941000090 nmethod 2442 0x00000259308be810 code [0x00000259308bec00, 0x00000259308c0f78]
Event: 59.348 Thread 0x0000025941000090 2443       3       org.eclipse.jdt.internal.core.ExternalFoldersManager::getFolder (14 bytes)
Event: 59.349 Thread 0x0000025941000090 nmethod 2443 0x00000259308c1d10 code [0x00000259308c1ee0, 0x00000259308c2218]
Event: 59.349 Thread 0x0000025941000090 2445       3       org.eclipse.core.runtime.Assert::isLegal (7 bytes)
Event: 59.349 Thread 0x0000025941000090 nmethod 2445 0x00000259308c2310 code [0x00000259308c24c0, 0x00000259308c2708]
Event: 59.349 Thread 0x0000025941000090 2446       3       java.util.concurrent.ConcurrentHashMap::remove (8 bytes)
Event: 59.349 Thread 0x0000025941000090 nmethod 2446 0x00000259308c2810 code [0x00000259308c29c0, 0x00000259308c2b08]
Event: 59.356 Thread 0x0000025941000090 2447       1       org.eclipse.osgi.internal.hookregistry.ClassLoaderHook::createClassLoader (2 bytes)
Event: 59.357 Thread 0x0000025941000090 nmethod 2447 0x00000259379a6c10 code [0x00000259379a6da0, 0x00000259379a6e78]
Event: 59.368 Thread 0x0000025941000090 2448       3       jdk.internal.misc.VM::initLevel (4 bytes)
Event: 59.369 Thread 0x0000025941000090 nmethod 2448 0x00000259308c2b90 code [0x00000259308c2d20, 0x00000259308c2e18]
Event: 59.369 Thread 0x0000025941000090 2449       3       jdk.internal.misc.VM::isModuleSystemInited (13 bytes)
Event: 59.369 Thread 0x0000025941000090 nmethod 2449 0x00000259308c2e90 code [0x00000259308c3020, 0x00000259308c31d8]

GC Heap History (8 events):
Event: 46.968 GC heap before
{Heap before GC invocations=1 (full 0):
 PSYoungGen      total 29696K, used 25600K [0x00000000eab00000, 0x00000000ecc00000, 0x0000000100000000)
  eden space 25600K, 100% used [0x00000000eab00000,0x00000000ec400000,0x00000000ec400000)
  from space 4096K, 0% used [0x00000000ec800000,0x00000000ec800000,0x00000000ecc00000)
  to   space 4096K, 0% used [0x00000000ec400000,0x00000000ec400000,0x00000000ec800000)
 ParOldGen       total 68608K, used 0K [0x00000000c0000000, 0x00000000c4300000, 0x00000000eab00000)
  object space 68608K, 0% used [0x00000000c0000000,0x00000000c0000000,0x00000000c4300000)
 Metaspace       used 12874K, committed 13056K, reserved 1064960K
  class space    used 1302K, committed 1408K, reserved 1048576K
}
Event: 46.989 GC heap after
{Heap after GC invocations=1 (full 0):
 PSYoungGen      total 29696K, used 4064K [0x00000000eab00000, 0x00000000ecc00000, 0x0000000100000000)
  eden space 25600K, 0% used [0x00000000eab00000,0x00000000eab00000,0x00000000ec400000)
  from space 4096K, 99% used [0x00000000ec400000,0x00000000ec7f83a8,0x00000000ec800000)
  to   space 4096K, 0% used [0x00000000ec800000,0x00000000ec800000,0x00000000ecc00000)
 ParOldGen       total 68608K, used 632K [0x00000000c0000000, 0x00000000c4300000, 0x00000000eab00000)
  object space 68608K, 0% used [0x00000000c0000000,0x00000000c009e010,0x00000000c4300000)
 Metaspace       used 12874K, committed 13056K, reserved 1064960K
  class space    used 1302K, committed 1408K, reserved 1048576K
}
Event: 58.797 GC heap before
{Heap before GC invocations=2 (full 0):
 PSYoungGen      total 29696K, used 29664K [0x00000000eab00000, 0x00000000ecc00000, 0x0000000100000000)
  eden space 25600K, 100% used [0x00000000eab00000,0x00000000ec400000,0x00000000ec400000)
  from space 4096K, 99% used [0x00000000ec400000,0x00000000ec7f83a8,0x00000000ec800000)
  to   space 4096K, 0% used [0x00000000ec800000,0x00000000ec800000,0x00000000ecc00000)
 ParOldGen       total 68608K, used 632K [0x00000000c0000000, 0x00000000c4300000, 0x00000000eab00000)
  object space 68608K, 0% used [0x00000000c0000000,0x00000000c009e010,0x00000000c4300000)
 Metaspace       used 20223K, committed 20608K, reserved 1073152K
  class space    used 2058K, committed 2240K, reserved 1048576K
}
Event: 58.806 GC heap after
{Heap after GC invocations=2 (full 0):
 PSYoungGen      total 29696K, used 4064K [0x00000000eab00000, 0x00000000ecc00000, 0x0000000100000000)
  eden space 25600K, 0% used [0x00000000eab00000,0x00000000eab00000,0x00000000ec400000)
  from space 4096K, 99% used [0x00000000ec800000,0x00000000ecbf81b8,0x00000000ecc00000)
  to   space 4096K, 0% used [0x00000000ec400000,0x00000000ec400000,0x00000000ec800000)
 ParOldGen       total 68608K, used 5599K [0x00000000c0000000, 0x00000000c4300000, 0x00000000eab00000)
  object space 68608K, 8% used [0x00000000c0000000,0x00000000c0577e90,0x00000000c4300000)
 Metaspace       used 20223K, committed 20608K, reserved 1073152K
  class space    used 2058K, committed 2240K, reserved 1048576K
}
Event: 58.850 GC heap before
{Heap before GC invocations=3 (full 0):
 PSYoungGen      total 29696K, used 6887K [0x00000000eab00000, 0x00000000ecc00000, 0x0000000100000000)
  eden space 25600K, 11% used [0x00000000eab00000,0x00000000eadc1b88,0x00000000ec400000)
  from space 4096K, 99% used [0x00000000ec800000,0x00000000ecbf81b8,0x00000000ecc00000)
  to   space 4096K, 0% used [0x00000000ec400000,0x00000000ec400000,0x00000000ec800000)
 ParOldGen       total 68608K, used 5599K [0x00000000c0000000, 0x00000000c4300000, 0x00000000eab00000)
  object space 68608K, 8% used [0x00000000c0000000,0x00000000c0577e90,0x00000000c4300000)
 Metaspace       used 21089K, committed 21504K, reserved 1073152K
  class space    used 2142K, committed 2304K, reserved 1048576K
}
Event: 58.853 GC heap after
{Heap after GC invocations=3 (full 0):
 PSYoungGen      total 29696K, used 4093K [0x00000000eab00000, 0x00000000ecc00000, 0x0000000100000000)
  eden space 25600K, 0% used [0x00000000eab00000,0x00000000eab00000,0x00000000ec400000)
  from space 4096K, 99% used [0x00000000ec400000,0x00000000ec7ff478,0x00000000ec800000)
  to   space 4096K, 0% used [0x00000000ec800000,0x00000000ec800000,0x00000000ecc00000)
 ParOldGen       total 68608K, used 5693K [0x00000000c0000000, 0x00000000c4300000, 0x00000000eab00000)
  object space 68608K, 8% used [0x00000000c0000000,0x00000000c058f5e8,0x00000000c4300000)
 Metaspace       used 21089K, committed 21504K, reserved 1073152K
  class space    used 2142K, committed 2304K, reserved 1048576K
}
Event: 58.853 GC heap before
{Heap before GC invocations=4 (full 1):
 PSYoungGen      total 29696K, used 4093K [0x00000000eab00000, 0x00000000ecc00000, 0x0000000100000000)
  eden space 25600K, 0% used [0x00000000eab00000,0x00000000eab00000,0x00000000ec400000)
  from space 4096K, 99% used [0x00000000ec400000,0x00000000ec7ff478,0x00000000ec800000)
  to   space 4096K, 0% used [0x00000000ec800000,0x00000000ec800000,0x00000000ecc00000)
 ParOldGen       total 68608K, used 5693K [0x00000000c0000000, 0x00000000c4300000, 0x00000000eab00000)
  object space 68608K, 8% used [0x00000000c0000000,0x00000000c058f5e8,0x00000000c4300000)
 Metaspace       used 21089K, committed 21504K, reserved 1073152K
  class space    used 2142K, committed 2304K, reserved 1048576K
}
Event: 58.880 GC heap after
{Heap after GC invocations=4 (full 1):
 PSYoungGen      total 29696K, used 0K [0x00000000eab00000, 0x00000000ecc00000, 0x0000000100000000)
  eden space 25600K, 0% used [0x00000000eab00000,0x00000000eab00000,0x00000000ec400000)
  from space 4096K, 0% used [0x00000000ec400000,0x00000000ec400000,0x00000000ec800000)
  to   space 4096K, 0% used [0x00000000ec800000,0x00000000ec800000,0x00000000ecc00000)
 ParOldGen       total 68608K, used 9560K [0x00000000c0000000, 0x00000000c4300000, 0x00000000eab00000)
  object space 68608K, 13% used [0x00000000c0000000,0x00000000c0956290,0x00000000c4300000)
 Metaspace       used 21089K, committed 21504K, reserved 1073152K
  class space    used 2142K, committed 2304K, reserved 1048576K
}

Deoptimization events (20 events):
Event: 59.254 Thread 0x0000025942e9fd20 DEOPT PACKING pc=0x00000259308a7cd6 sp=0x00000060fb8f87a0
Event: 59.254 Thread 0x0000025942e9fd20 DEOPT UNPACKING pc=0x000002592fe62843 sp=0x00000060fb8f7c40 mode 0
Event: 59.255 Thread 0x0000025942e9fd20 DEOPT PACKING pc=0x000002593082ad1e sp=0x00000060fb8f8eb0
Event: 59.255 Thread 0x0000025942e9fd20 DEOPT UNPACKING pc=0x000002592fe62843 sp=0x00000060fb8f83a8 mode 0
Event: 59.256 Thread 0x0000025942e9fd20 DEOPT PACKING pc=0x00000259308a7cd6 sp=0x00000060fb8f87a0
Event: 59.256 Thread 0x0000025942e9fd20 DEOPT UNPACKING pc=0x000002592fe62843 sp=0x00000060fb8f7c40 mode 0
Event: 59.257 Thread 0x0000025942e9fd20 DEOPT PACKING pc=0x000002593082ad1e sp=0x00000060fb8f8eb0
Event: 59.257 Thread 0x0000025942e9fd20 DEOPT UNPACKING pc=0x000002592fe62843 sp=0x00000060fb8f83a8 mode 0
Event: 59.258 Thread 0x0000025942e9fd20 DEOPT PACKING pc=0x00000259308a7cd6 sp=0x00000060fb8f87a0
Event: 59.258 Thread 0x0000025942e9fd20 DEOPT UNPACKING pc=0x000002592fe62843 sp=0x00000060fb8f7c40 mode 0
Event: 59.258 Thread 0x0000025942e9fd20 DEOPT PACKING pc=0x000002593082ad1e sp=0x00000060fb8f8eb0
Event: 59.258 Thread 0x0000025942e9fd20 DEOPT UNPACKING pc=0x000002592fe62843 sp=0x00000060fb8f83a8 mode 0
Event: 59.260 Thread 0x0000025942e9fd20 DEOPT PACKING pc=0x000002593082ad1e sp=0x00000060fb8f8f80
Event: 59.260 Thread 0x0000025942e9fd20 DEOPT UNPACKING pc=0x000002592fe62843 sp=0x00000060fb8f8478 mode 0
Event: 59.261 Thread 0x0000025942e9fd20 DEOPT PACKING pc=0x000002593082ad1e sp=0x00000060fb8f8f80
Event: 59.261 Thread 0x0000025942e9fd20 DEOPT UNPACKING pc=0x000002592fe62843 sp=0x00000060fb8f8478 mode 0
Event: 59.262 Thread 0x0000025942e9fd20 DEOPT PACKING pc=0x000002593082ad1e sp=0x00000060fb8f8f80
Event: 59.262 Thread 0x0000025942e9fd20 DEOPT UNPACKING pc=0x000002592fe62843 sp=0x00000060fb8f8478 mode 0
Event: 59.263 Thread 0x0000025942e9fd20 DEOPT PACKING pc=0x000002593082ad1e sp=0x00000060fb8f8f80
Event: 59.263 Thread 0x0000025942e9fd20 DEOPT UNPACKING pc=0x000002592fe62843 sp=0x00000060fb8f8478 mode 0

Classes unloaded (0 events):
No events

Classes redefined (0 events):
No events

Internal exceptions (20 events):
Event: 35.157 Thread 0x000002592d181010 Exception <a 'java/lang/NoSuchMethodError'{0x00000000eb8236b0}: 'int java.lang.invoke.DirectMethodHandle$Holder.invokeStaticInit(java.lang.Object, java.lang.Object)'> (0x00000000eb8236b0) 
thrown [e:\jenkins\tmp\workspace\build\src\src\hotspot\share\interpreter\linkResolver.cpp, line 766]
Event: 35.286 Thread 0x000002592d181010 Exception <a 'java/lang/NoSuchMethodError'{0x00000000eb8744f8}: 'java.lang.Object java.lang.invoke.DirectMethodHandle$Holder.invokeStaticInit(java.lang.Object, int, int, int, int)'> (0x00000000eb8744f8) 
thrown [e:\jenkins\tmp\workspace\build\src\src\hotspot\share\interpreter\linkResolver.cpp, line 766]
Event: 39.575 Thread 0x000002592d181010 Exception <a 'java/lang/NoSuchMethodError'{0x00000000eb90acc0}: 'java.lang.Object java.lang.invoke.DirectMethodHandle$Holder.invokeStaticInit(java.lang.Object, java.lang.Object, int, int, int, int)'> (0x00000000eb90acc0) 
thrown [e:\jenkins\tmp\workspace\build\src\src\hotspot\share\interpreter\linkResolver.cpp, line 766]
Event: 39.778 Thread 0x000002592d181010 Exception <a 'java/lang/NoSuchMethodError'{0x00000000eb99a210}: 'void java.lang.invoke.DirectMethodHandle$Holder.invokeSpecial(java.lang.Object, java.lang.Object, java.lang.Object)'> (0x00000000eb99a210) 
thrown [e:\jenkins\tmp\workspace\build\src\src\hotspot\share\interpreter\linkResolver.cpp, line 766]
Event: 39.851 Thread 0x000002592d181010 Exception <a 'java/lang/NoSuchMethodError'{0x00000000eba24010}: 'void java.lang.invoke.DirectMethodHandle$Holder.invokeInterface(java.lang.Object, java.lang.Object)'> (0x00000000eba24010) 
thrown [e:\jenkins\tmp\workspace\build\src\src\hotspot\share\interpreter\linkResolver.cpp, line 766]
Event: 39.865 Thread 0x000002592d181010 Exception <a 'java/lang/NoSuchMethodError'{0x00000000eba4c490}: 'java.lang.Object java.lang.invoke.DirectMethodHandle$Holder.newInvokeSpecial(java.lang.Object, int, java.lang.Object, java.lang.Object)'> (0x00000000eba4c490) 
thrown [e:\jenkins\tmp\workspace\build\src\src\hotspot\share\interpreter\linkResolver.cpp, line 766]
Event: 39.984 Thread 0x000002592d181010 Exception <a 'java/lang/NoSuchMethodError'{0x00000000ebcaaee8}: 'void java.lang.invoke.DirectMethodHandle$Holder.invokeStatic(java.lang.Object, java.lang.Object, java.lang.Object, java.lang.Object)'> (0x00000000ebcaaee8) 
thrown [e:\jenkins\tmp\workspace\build\src\src\hotspot\share\interpreter\linkResolver.cpp, line 766]
Event: 40.026 Thread 0x000002592d181010 Exception <a 'java/lang/NoSuchMethodError'{0x00000000ebe57288}: 'java.lang.Object java.lang.invoke.Invokers$Holder.invokeExact_MT(java.lang.Object, java.lang.Object, java.lang.Object, java.lang.Object, java.lang.Object, java.lang.Object)'> (0x00000000ebe57288) 
thrown [e:\jenkins\tmp\workspace\build\src\src\hotspot\share\interpreter\linkResolver.cpp, line 766]
Event: 40.205 Thread 0x000002592d181010 Exception <a 'java/lang/NoSuchMethodError'{0x00000000ec068140}: 'java.lang.Object java.lang.invoke.DirectMethodHandle$Holder.newInvokeSpecial(java.lang.Object, int, java.lang.Object)'> (0x00000000ec068140) 
thrown [e:\jenkins\tmp\workspace\build\src\src\hotspot\share\interpreter\linkResolver.cpp, line 766]
Event: 46.993 Thread 0x000002592d181010 Exception <a 'java/lang/UnsatisfiedLinkError'{0x00000000eab17510}: 'void org.eclipse.equinox.launcher.JNIBridge._update_splash()'> (0x00000000eab17510) 
thrown [e:\jenkins\tmp\workspace\build\src\src\hotspot\share\prims\nativeLookup.cpp, line 543]
Event: 46.999 Thread 0x0000025942e9fd20 Exception <a 'java/lang/NoSuchMethodError'{0x00000000eac0dc90}: 'java.lang.Object java.lang.invoke.Invokers$Holder.linkToTargetMethod(java.lang.Object, java.lang.Object, java.lang.Object, int, java.lang.Object)'> (0x00000000eac0dc90) 
thrown [e:\jenkins\tmp\workspace\build\src\src\hotspot\share\interpreter\linkResolver.cpp, line 766]
Event: 47.786 Thread 0x0000025942e9fd20 Exception <a 'java/io/FileNotFoundException'{0x00000000eb042270}> (0x00000000eb042270) 
thrown [e:\jenkins\tmp\workspace\build\src\src\hotspot\share\prims\jni.cpp, line 516]
Event: 58.327 Thread 0x0000025942e9fd20 Exception <a 'java/lang/NoSuchMethodError'{0x00000000ebebdd98}: 'void java.lang.invoke.DirectMethodHandle$Holder.invokeInterface(java.lang.Object, java.lang.Object, java.lang.Object)'> (0x00000000ebebdd98) 
thrown [e:\jenkins\tmp\workspace\build\src\src\hotspot\share\interpreter\linkResolver.cpp, line 766]
Event: 58.427 Thread 0x0000025942e9fd20 Exception <a 'java/io/FileNotFoundException'{0x00000000ec08b7e0}> (0x00000000ec08b7e0) 
thrown [e:\jenkins\tmp\workspace\build\src\src\hotspot\share\prims\jni.cpp, line 516]
Event: 58.793 Thread 0x0000025942e9fd20 Exception <a 'java/lang/NoSuchMethodError'{0x00000000ec3d29d0}: 'int java.lang.invoke.DirectMethodHandle$Holder.invokeStaticInit(java.lang.Object, java.lang.Object, java.lang.Object)'> (0x00000000ec3d29d0) 
thrown [e:\jenkins\tmp\workspace\build\src\src\hotspot\share\interpreter\linkResolver.cpp, line 766]
Event: 58.809 Thread 0x0000025942e9fd20 Exception <a 'java/lang/IncompatibleClassChangeError'{0x00000000eab13de0}: Found class java.lang.Object, but interface was expected> (0x00000000eab13de0) 
thrown [e:\jenkins\tmp\workspace\build\src\src\hotspot\share\interpreter\linkResolver.cpp, line 833]
Event: 59.249 Thread 0x0000025942e9fd20 Exception <a 'java/lang/ClassNotFoundException'{0x00000000ebd4e790}: com/sun/org/apache/xerces/internal/impl/msg/spi/DOMMessagesProvider> (0x00000000ebd4e790) 
thrown [e:\jenkins\tmp\workspace\build\src\src\hotspot\share\classfile\systemDictionary.cpp, line 256]
Event: 59.252 Thread 0x0000025942e9fd20 Exception <a 'java/lang/ClassNotFoundException'{0x00000000ebd769b0}: com/sun/org/apache/xerces/internal/impl/msg/spi/XMLSerializerMessagesProvider> (0x00000000ebd769b0) 
thrown [e:\jenkins\tmp\workspace\build\src\src\hotspot\share\classfile\systemDictionary.cpp, line 256]
Event: 59.254 Thread 0x0000025942e9fd20 Exception <a 'java/lang/ClassNotFoundException'{0x00000000ebd8eea0}: com/sun/org/apache/xerces/internal/impl/msg/spi/XMLMessagesProvider> (0x00000000ebd8eea0) 
thrown [e:\jenkins\tmp\workspace\build\src\src\hotspot\share\classfile\systemDictionary.cpp, line 256]
Event: 59.353 Thread 0x0000025942e9fd20 Exception <a 'java/lang/OutOfMemoryError'{0x00000000ebf45fd0}> (0x00000000ebf45fd0) 
thrown [e:\jenkins\tmp\workspace\build\src\src\hotspot\share\prims\jni.cpp, line 535]

VM Operations (20 events):
Event: 52.678 Executing VM operation: Cleanup
Event: 52.678 Executing VM operation: Cleanup done
Event: 53.681 Executing VM operation: Cleanup
Event: 53.681 Executing VM operation: Cleanup done
Event: 55.698 Executing VM operation: Cleanup
Event: 55.698 Executing VM operation: Cleanup done
Event: 58.254 Executing VM operation: HandshakeAllThreads
Event: 58.254 Executing VM operation: HandshakeAllThreads done
Event: 58.254 Executing VM operation: Cleanup
Event: 58.254 Executing VM operation: Cleanup done
Event: 58.306 Executing VM operation: HandshakeAllThreads
Event: 58.306 Executing VM operation: HandshakeAllThreads done
Event: 58.310 Executing VM operation: HandshakeAllThreads
Event: 58.310 Executing VM operation: HandshakeAllThreads done
Event: 58.797 Executing VM operation: ParallelGCFailedAllocation
Event: 58.806 Executing VM operation: ParallelGCFailedAllocation done
Event: 58.850 Executing VM operation: CollectForMetadataAllocation
Event: 58.880 Executing VM operation: CollectForMetadataAllocation done
Event: 59.351 Executing VM operation: HandshakeAllThreads
Event: 59.352 Executing VM operation: HandshakeAllThreads done

Events (20 events):
Event: 59.259 loading class com/sun/org/apache/xerces/internal/impl/msg/XMLMessages_es done
Event: 59.263 loading class com/sun/org/apache/xerces/internal/impl/msg/XMLMessages_es_CO
Event: 59.263 loading class com/sun/org/apache/xerces/internal/impl/msg/XMLMessages_es_CO done
Event: 59.263 loading class com/sun/org/apache/xerces/internal/impl/msg/XMLMessages_es_CO
Event: 59.263 loading class com/sun/org/apache/xerces/internal/impl/msg/XMLMessages_es_CO done
Event: 59.348 Thread 0x00000259445c5b90 Thread added: 0x00000259445c5b90
Event: 59.349 loading class java/net/Authenticator
Event: 59.349 loading class java/net/Authenticator done
Event: 59.349 loading class java/util/concurrent/ExecutionException
Event: 59.349 loading class java/util/concurrent/ExecutionException done
Event: 59.357 loading class java/lang/StackTraceElement$HashedModules
Event: 59.357 loading class java/lang/StackTraceElement$HashedModules done
Event: 59.360 loading class java/io/PrintWriter
Event: 59.368 loading class java/io/PrintWriter done
Event: 59.368 loading class java/lang/Throwable$WrappedPrintWriter
Event: 59.368 loading class java/lang/Throwable$PrintStreamOrWriter
Event: 59.368 loading class java/lang/Throwable$PrintStreamOrWriter done
Event: 59.368 loading class java/lang/Throwable$WrappedPrintWriter done
Event: 59.403 loading class java/io/FileOutputStream$1
Event: 59.403 loading class java/io/FileOutputStream$1 done


Dynamic libraries:
0x00007ff795e40000 - 0x00007ff795e4e000 	c:\Users\Alejandro\.vscode\extensions\redhat.java-1.2.0\jre\17.0.1-win32-x86_64\bin\java.exe
0x00007ffafc810000 - 0x00007ffafca05000 	C:\WINDOWS\SYSTEM32\ntdll.dll
0x00007ffafc6f0000 - 0x00007ffafc7ae000 	C:\WINDOWS\System32\KERNEL32.DLL
0x00007ffafa370000 - 0x00007ffafa638000 	C:\WINDOWS\System32\KERNELBASE.dll
0x00007ffafa270000 - 0x00007ffafa370000 	C:\WINDOWS\System32\ucrtbase.dll
0x00007ffae3b70000 - 0x00007ffae3b89000 	c:\Users\Alejandro\.vscode\extensions\redhat.java-1.2.0\jre\17.0.1-win32-x86_64\bin\VCRUNTIME140.dll
0x00007ffae3640000 - 0x00007ffae3658000 	c:\Users\Alejandro\.vscode\extensions\redhat.java-1.2.0\jre\17.0.1-win32-x86_64\bin\jli.dll
0x00007ffafb180000 - 0x00007ffafb321000 	C:\WINDOWS\System32\USER32.dll
0x00007ffaf9f20000 - 0x00007ffaf9f42000 	C:\WINDOWS\System32\win32u.dll
0x00007ffafb330000 - 0x00007ffafb35b000 	C:\WINDOWS\System32\GDI32.dll
0x00007ffafa100000 - 0x00007ffafa20d000 	C:\WINDOWS\System32\gdi32full.dll
0x00007ffade000000 - 0x00007ffade29a000 	C:\WINDOWS\WinSxS\amd64_microsoft.windows.common-controls_6595b64144ccf1df_6.0.19041.1110_none_60b5254171f9507e\COMCTL32.dll
0x00007ffafb6c0000 - 0x00007ffafb75e000 	C:\WINDOWS\System32\msvcrt.dll
0x00007ffafa6f0000 - 0x00007ffafa78d000 	C:\WINDOWS\System32\msvcp_win.dll
0x00007ffafc580000 - 0x00007ffafc5b0000 	C:\WINDOWS\System32\IMM32.DLL
0x00007ffae7560000 - 0x00007ffae756c000 	c:\Users\Alejandro\.vscode\extensions\redhat.java-1.2.0\jre\17.0.1-win32-x86_64\bin\vcruntime140_1.dll
0x00007ffaaa720000 - 0x00007ffaaa7b1000 	c:\Users\Alejandro\.vscode\extensions\redhat.java-1.2.0\jre\17.0.1-win32-x86_64\bin\msvcp140.dll
0x00007ffa850e0000 - 0x00007ffa85d26000 	c:\Users\Alejandro\.vscode\extensions\redhat.java-1.2.0\jre\17.0.1-win32-x86_64\bin\server\jvm.dll
0x00007ffafb070000 - 0x00007ffafb11c000 	C:\WINDOWS\System32\ADVAPI32.dll
0x00007ffafb420000 - 0x00007ffafb4bb000 	C:\WINDOWS\System32\sechost.dll
0x00007ffafb4c0000 - 0x00007ffafb5ea000 	C:\WINDOWS\System32\RPCRT4.dll
0x00007ffafb7e0000 - 0x00007ffafb7e8000 	C:\WINDOWS\System32\PSAPI.DLL
0x00007ffaf62c0000 - 0x00007ffaf62c9000 	C:\WINDOWS\SYSTEM32\WSOCK32.dll
0x00007ffade450000 - 0x00007ffade477000 	C:\WINDOWS\SYSTEM32\WINMM.dll
0x00007ffaf30d0000 - 0x00007ffaf30da000 	C:\WINDOWS\SYSTEM32\VERSION.dll
0x00007ffafc090000 - 0x00007ffafc0fb000 	C:\WINDOWS\System32\WS2_32.dll
0x00007ffaf8a50000 - 0x00007ffaf8a62000 	C:\WINDOWS\SYSTEM32\kernel.appcore.dll
0x00007ffae3630000 - 0x00007ffae363a000 	c:\Users\Alejandro\.vscode\extensions\redhat.java-1.2.0\jre\17.0.1-win32-x86_64\bin\jimage.dll
0x00007ffaf84f0000 - 0x00007ffaf86d4000 	C:\WINDOWS\SYSTEM32\DBGHELP.DLL
0x00007ffadcac0000 - 0x00007ffadcaec000 	C:\WINDOWS\SYSTEM32\dbgcore.DLL
0x00007ffafa7c0000 - 0x00007ffafa842000 	C:\WINDOWS\System32\bcryptPrimitives.dll
0x00007ffac06e0000 - 0x00007ffac0705000 	c:\Users\Alejandro\.vscode\extensions\redhat.java-1.2.0\jre\17.0.1-win32-x86_64\bin\java.dll
0x00007ffac0850000 - 0x00007ffac0868000 	c:\Users\Alejandro\.vscode\extensions\redhat.java-1.2.0\jre\17.0.1-win32-x86_64\bin\zip.dll
0x00007ffafb7f0000 - 0x00007ffafbf34000 	C:\WINDOWS\System32\SHELL32.dll
0x00007ffaf7c50000 - 0x00007ffaf83e4000 	C:\WINDOWS\SYSTEM32\windows.storage.dll
0x00007ffafab60000 - 0x00007ffafaeb5000 	C:\WINDOWS\System32\combase.dll
0x00007ffaf9970000 - 0x00007ffaf999e000 	C:\WINDOWS\SYSTEM32\Wldp.dll
0x00007ffafb360000 - 0x00007ffafb40d000 	C:\WINDOWS\System32\SHCORE.dll
0x00007ffafc030000 - 0x00007ffafc085000 	C:\WINDOWS\System32\shlwapi.dll
0x00007ffaf9e60000 - 0x00007ffaf9e7f000 	C:\WINDOWS\SYSTEM32\profapi.dll
0x00007ffac06c0000 - 0x00007ffac06d9000 	C:\Users\Alejandro\.vscode\extensions\redhat.java-1.2.0\jre\17.0.1-win32-x86_64\bin\net.dll
0x00007ffaf00d0000 - 0x00007ffaf01dc000 	C:\WINDOWS\SYSTEM32\WINHTTP.dll
0x00007ffaf9660000 - 0x00007ffaf96ca000 	C:\WINDOWS\system32\mswsock.dll
0x00007ffac03f0000 - 0x00007ffac0405000 	C:\Users\Alejandro\.vscode\extensions\redhat.java-1.2.0\jre\17.0.1-win32-x86_64\bin\nio.dll
0x00007ffaf9850000 - 0x00007ffaf9868000 	C:\WINDOWS\SYSTEM32\CRYPTSP.dll
0x00007ffaf8f80000 - 0x00007ffaf8fb4000 	C:\WINDOWS\system32\rsaenh.dll
0x00007ffafa790000 - 0x00007ffafa7b7000 	C:\WINDOWS\System32\bcrypt.dll
0x00007ffaf9e20000 - 0x00007ffaf9e4e000 	C:\WINDOWS\SYSTEM32\USERENV.dll
0x00007ffaf9870000 - 0x00007ffaf987c000 	C:\WINDOWS\SYSTEM32\CRYPTBASE.dll
0x00007ffaf92f0000 - 0x00007ffaf932b000 	C:\WINDOWS\SYSTEM32\IPHLPAPI.DLL
0x00007ffafbf40000 - 0x00007ffafbf48000 	C:\WINDOWS\System32\NSI.dll
0x00007ffaf2ab0000 - 0x00007ffaf2ac7000 	C:\WINDOWS\SYSTEM32\dhcpcsvc6.DLL
0x00007ffaf28d0000 - 0x00007ffaf28ed000 	C:\WINDOWS\SYSTEM32\dhcpcsvc.DLL
0x00007ffaf9330000 - 0x00007ffaf93fb000 	C:\WINDOWS\SYSTEM32\DNSAPI.dll
0x00007ffac0470000 - 0x00007ffac04ae000 	C:\Users\Alejandro\AppData\Roaming\Code\User\globalStorage\redhat.java\1.2.0\config_win\org.eclipse.equinox.launcher\org.eclipse.equinox.launcher.win32.win32.x86_64_1.2.400.v20211117-0650\eclipse_11602.dll
0x00007ffafa8b0000 - 0x00007ffafa9da000 	C:\WINDOWS\System32\ole32.dll
0x00007ffae7570000 - 0x00007ffae7580000 	c:\Users\Alejandro\.vscode\extensions\redhat.java-1.2.0\jre\17.0.1-win32-x86_64\bin\verify.dll

dbghelp: loaded successfully - version: 4.0.5 - missing functions: none
symbol engine: initialized successfully - sym options: 0x614 - pdb path: .;c:\Users\Alejandro\.vscode\extensions\redhat.java-1.2.0\jre\17.0.1-win32-x86_64\bin;C:\WINDOWS\SYSTEM32;C:\WINDOWS\WinSxS\amd64_microsoft.windows.common-controls_6595b64144ccf1df_6.0.19041.1110_none_60b5254171f9507e;c:\Users\Alejandro\.vscode\extensions\redhat.java-1.2.0\jre\17.0.1-win32-x86_64\bin\server;C:\Users\Alejandro\AppData\Roaming\Code\User\globalStorage\redhat.java\1.2.0\config_win\org.eclipse.equinox.launcher\org.eclipse.equinox.launcher.win32.win32.x86_64_1.2.400.v20211117-0650

VM Arguments:
jvm_args: --add-modules=ALL-SYSTEM --add-opens=java.base/java.util=ALL-UNNAMED --add-opens=java.base/java.lang=ALL-UNNAMED -Declipse.application=org.eclipse.jdt.ls.core.id1 -Dosgi.bundles.defaultStartLevel=4 -Declipse.product=org.eclipse.jdt.ls.core.product -Djava.import.generatesMetadataFilesAtProjectRoot=false -Dfile.encoding=utf8 -DwatchParentProcess=false -XX:+UseParallelGC -XX:GCTimeRatio=4 -XX:AdaptiveSizePolicyWeight=90 -Dsun.zip.disableMemoryMapping=true -Xmx1G -Xms100m -XX:+HeapDumpOnOutOfMemoryError -XX:HeapDumpPath=c:\Users\Alejandro\AppData\Roaming\Code\User\workspaceStorage\bfba96caa2a40bd1869fa79584ead701\redhat.java 
java_command: c:\Users\Alejandro\.vscode\extensions\redhat.java-1.2.0\server\plugins\org.eclipse.equinox.launcher_1.6.400.v20210924-0641.jar -configuration c:\Users\Alejandro\AppData\Roaming\Code\User\globalStorage\redhat.java\1.2.0\config_win -data c:\Users\Alejandro\AppData\Roaming\Code\User\workspaceStorage\bfba96caa2a40bd1869fa79584ead701\redhat.java\jdt_ws
java_class_path (initial): c:\Users\Alejandro\.vscode\extensions\redhat.java-1.2.0\server\plugins\org.eclipse.equinox.launcher_1.6.400.v20210924-0641.jar
Launcher Type: SUN_STANDARD

[Global flags]
    uintx AdaptiveSizePolicyWeight                 = 90                                        {product} {command line}
     intx CICompilerCount                          = 3                                         {product} {ergonomic}
    uintx GCTimeRatio                              = 4                                         {product} {command line}
     bool HeapDumpOnOutOfMemoryError               = true                                   {manageable} {command line}
    ccstr HeapDumpPath                             = c:\Users\Alejandro\AppData\Roaming\Code\User\workspaceStorage\bfba96caa2a40bd1869fa79584ead701\redhat.java         {manageable} {command line}
   size_t InitialHeapSize                          = 104857600                                 {product} {command line}
   size_t MaxHeapSize                              = 1073741824                                {product} {command line}
   size_t MaxNewSize                               = 357564416                                 {product} {ergonomic}
   size_t MinHeapDeltaBytes                        = 524288                                    {product} {ergonomic}
   size_t MinHeapSize                              = 104857600                                 {product} {command line}
   size_t NewSize                                  = 34603008                                  {product} {ergonomic}
    uintx NonNMethodCodeHeapSize                   = 5832780                                {pd product} {ergonomic}
    uintx NonProfiledCodeHeapSize                  = 122912730                              {pd product} {ergonomic}
   size_t OldSize                                  = 70254592                                  {product} {ergonomic}
    uintx ProfiledCodeHeapSize                     = 122912730                              {pd product} {ergonomic}
    uintx ReservedCodeCacheSize                    = 251658240                              {pd product} {ergonomic}
     bool SegmentedCodeCache                       = true                                      {product} {ergonomic}
   size_t SoftMaxHeapSize                          = 1073741824                             {manageable} {ergonomic}
     bool UseCompressedClassPointers               = true                           {product lp64_product} {ergonomic}
     bool UseCompressedOops                        = true                           {product lp64_product} {ergonomic}
     bool UseLargePagesIndividualAllocation        = false                                  {pd product} {ergonomic}
     bool UseParallelGC                            = true                                      {product} {command line}

Logging:
Log output configuration:
 #0: stdout all=warning uptime,level,tags
 #1: stderr all=off uptime,level,tags

Environment Variables:
JAVA_HOME=C:\Program Files\Java\jdk-17.0.1
PATH=C:\Program Files\Common Files\Oracle\Java\javapath;C:\Program Files\Eclipse Adoptium\jdk-17.0.1.12-hotspot\bin;C:\Program Files (x86)\Common Files\Oracle\Java\javapath;C:\windows\system32;C:\windows;C:\windows\System32\Wbem;C:\windows\System32\WindowsPowerShell\v1.0\;C:\Program Files\Java\jdk-17.0.1\bin;C:\windows\System32\OpenSSH\;C:\Program Files (x86)\NVIDIA Corporation\PhysX\Common;C:\WINDOWS\system32;C:\WINDOWS;C:\WINDOWS\System32\Wbem;C:\WINDOWS\System32\WindowsPowerShell\v1.0\;C:\WINDOWS\System32\OpenSSH\;C:\Program Files\Microsoft SQL Server\Client SDK\ODBC\170\Tools\Binn\;C:\Program Files (x86)\Microsoft SQL Server\150\Tools\Binn\;C:\Program Files\Microsoft SQL Server\150\Tools\Binn\;C:\Program Files\Microsoft SQL Server\150\DTS\Binn\;C:\Program Files (x86)\Microsoft SQL Server\150\DTS\Binn\;C:\Program Files\dotnet\;C:\Program Files\Microsoft SQL Server\130\Tools\Binn\;C:\Users\Alejandro\AppData\Local\Android\Sdk\emulator;C:\Users\Alejandro\AppData\Local\Android\Sdk\platform-tools;C:\Program Files\Git\cmd;C:\xampp\php;C:\ProgramData\ComposerSetup\bin;C:\Program Files\nodejs\;C:\Gradle\gradle-7.3.1\bin;C:\Program Files\mongosh-1.1.7-win32-x64\bin;C:\Program Files\MySQL\MySQL Shell 8.0\bin\;C:\Users\Alejandro\AppData\Local\Microsoft\WindowsApps;C:\Users\Alejandro\.dotnet\tools;C:\Users\Alejandro\AppData\Roaming\Composer\vendor\bin;C:\Program Files\heroku\bin;C:\Users\Alejandro\AppData\Roaming\npm;C:\apache-maven-3.8.4\bin;";C:\apache-maven-3.8.4\bin;";";%Java%\bin;";C:\Program Files\MongoDB\Server\4.4\bin;
USERNAME=Alejandro
OS=Windows_NT
PROCESSOR_IDENTIFIER=Intel64 Family 6 Model 142 Stepping 9, GenuineIntel



---------------  S Y S T E M  ---------------

OS:
 Windows 10 , 64 bit Build 19041 (10.0.19041.1348)
OS uptime: 0 days 22:14 hours

CPU: total 4 (initial active 4) (2 cores per cpu, 2 threads per core) family 6 model 142 stepping 9 microcode 0xb4, cx8, cmov, fxsr, ht, mmx, 3dnowpref, sse, sse2, sse3, ssse3, sse4.1, sse4.2, popcnt, lzcnt, tsc, tscinvbit, avx, avx2, aes, erms, clmul, bmi1, bmi2, adx, fma, vzeroupper, clflush, clflushopt

Memory: 4k page, system-wide physical 8107M (1066M free)
TotalPageFile size 11925M (AvailPageFile size 7M)
current process WorkingSet (physical memory assigned to process): 167M, peak: 167M
current process commit charge ("private bytes"): 261M, peak: 261M

vm_info: OpenJDK 64-Bit Server VM (17.0.1+12) for windows-amd64 JRE (17.0.1+12), built on Oct 20 2021 07:42:55 by "" with MS VC++ 16.7 (VS2019)

END.
